2024-03-09 21:39:41.478 [error] [uncaught exception in sharedProcess]: Event not found: onDidChange: CodeExpectedError: Event not found: onDidChange
    at Object.listen (/opt/visual-studio-code/resources/app/out/vs/code/node/sharedProcess/sharedProcessMain.js:45:4960)
    at E.t (/opt/visual-studio-code/resources/app/out/vs/code/node/sharedProcess/sharedProcessMain.js:44:251)
    at E.q (/opt/visual-studio-code/resources/app/out/vs/code/node/sharedProcess/sharedProcessMain.js:43:4371)
    at y.value (/opt/visual-studio-code/resources/app/out/vs/code/node/sharedProcess/sharedProcessMain.js:43:3602)
    at d.y (/opt/visual-studio-code/resources/app/out/vs/code/node/sharedProcess/sharedProcessMain.js:38:1902)
    at d.z (/opt/visual-studio-code/resources/app/out/vs/code/node/sharedProcess/sharedProcessMain.js:38:1972)
    at d.fire (/opt/visual-studio-code/resources/app/out/vs/code/node/sharedProcess/sharedProcessMain.js:38:2188)
    at MessagePortMain.fe (/opt/visual-studio-code/resources/app/out/vs/code/node/sharedProcess/sharedProcessMain.js:36:30382)
    at MessagePortMain.emit (node:events:514:28)
    at Object.emit (node:electron/js2c/utility_init:2:2285)
2024-03-09 21:39:48.469 [info] Getting Manifest... ms-azuretools.vscode-docker
2024-03-09 21:39:48.476 [info] Installing extension: ms-azuretools.vscode-docker
2024-03-09 21:39:49.613 [warning] Extension signature verification failed with error 'UnknownError': ms-azuretools.vscode-docker
2024-03-09 21:39:49.671 [info] Extracted extension to file:///home/emr/.vscode/extensions/ms-azuretools.vscode-docker-1.29.0: ms-azuretools.vscode-docker
2024-03-09 21:39:49.695 [info] Renamed to /home/emr/.vscode/extensions/ms-azuretools.vscode-docker-1.29.0
2024-03-09 21:39:49.697 [info] Extracting extension completed. ms-azuretools.vscode-docker
2024-03-09 21:39:49.710 [info] Extension installed successfully: ms-azuretools.vscode-docker
2024-03-09 21:39:49.778 [error] [uncaught exception in sharedProcess]: Error: ENOENT: no such file or directory, stat '/home/emr/.vscode/extensions/extensions.json.vsctmp': EntryNotFound (FileSystemError): Error: ENOENT: no such file or directory, stat '/home/emr/.vscode/extensions/extensions.json.vsctmp'
    at r.create (/opt/visual-studio-code/resources/app/out/vs/code/node/sharedProcess/sharedProcessMain.js:51:30083)
    at a (/opt/visual-studio-code/resources/app/out/vs/code/node/sharedProcess/sharedProcessMain.js:51:30198)
    at i.fb (/opt/visual-studio-code/resources/app/out/vs/code/node/sharedProcess/sharedProcessMain.js:56:36634)
    at i.stat (/opt/visual-studio-code/resources/app/out/vs/code/node/sharedProcess/sharedProcessMain.js:56:29080)
    at async v.stat (/opt/visual-studio-code/resources/app/out/vs/code/node/sharedProcess/sharedProcessMain.js:56:16226)
    at async X.sb (/opt/visual-studio-code/resources/app/out/vs/code/node/sharedProcess/sharedProcessMain.js:102:107729)
