2024-03-09 21:39:40.860 [info] Added views:workbench.panel.markers.view in workbench.panel.markers
2024-03-09 21:39:40.860 [info] Added views:workbench.panel.output in workbench.panel.output
2024-03-09 21:39:40.860 [info] Added views:terminal in terminal
2024-03-09 21:39:40.860 [info] Added views:outline in workbench.view.explorer
2024-03-09 21:39:40.860 [info] Added views:workbench.scm in workbench.view.scm
2024-03-09 21:39:40.860 [info] Added views:workbench.view.search in workbench.view.search
2024-03-09 21:39:40.860 [info] Added views:timeline in workbench.view.explorer
2024-03-09 21:39:40.860 [info] Added views:workbench.explorer.emptyView in workbench.view.explorer
2024-03-09 21:39:41.009 [info] Added views:workbench.debug.welcome in workbench.view.debug
2024-03-09 21:39:41.229 [info] Added views:mongoDBConnectionExplorer,mongoDBPlaygroundsExplorer,mongoDBHelpExplorer in workbench.view.extension.mongoDB
2024-03-09 21:39:41.331 [info] Added views:workbench.panel.repl.view in workbench.panel.repl
2024-03-09 21:39:41.405 [info] Added views:~remote.forwardedPorts in ~remote.forwardedPortsContainer
2024-03-09 21:39:41.788 [info] Added views:workbench.panel.comments in workbench.panel.comments
2024-03-09 21:39:42.009 [info] Added views:workbench.views.extensions.installed,workbench.views.extensions.popular,extensions.recommendedList in workbench.view.extensions
2024-03-09 21:39:42.010 [info] Removed views:workbench.views.extensions.popular from workbench.view.extensions
2024-03-09 21:39:43.026 [info] Added views:tabnine.loading in workbench.view.extension.tabnine
2024-03-09 21:39:44.095 [info] Removed views:extensions.recommendedList,workbench.views.extensions.installed from workbench.view.extensions
2024-03-09 21:39:44.099 [info] Added views:workbench.views.extensions.marketplace in workbench.view.extensions
2024-03-09 21:39:44.991 [info] Removed views:tabnine.loading from workbench.view.extension.tabnine
2024-03-09 21:39:44.991 [info] Added views:tabnine.chat.authenticate in workbench.view.extension.tabnine
2024-03-09 21:39:49.796 [info] Added views:dockerContainers,dockerImages,dockerRegistries,dockerNetworks,dockerVolumes,vscode-docker.views.dockerContexts,vscode-docker.views.help in workbench.view.extension.dockerView
