2024-03-10T11:45:49.232Z [Modules] Modules initializing
2024-03-10T11:45:49.232Z [Modules] Distribution: remote
2024-03-10T11:45:49.232Z [Modules] Host updates: enabled
2024-03-10T11:45:49.232Z [Modules] Module updates: enabled
2024-03-10T11:45:49.232Z [Modules] Module install path: /home/emr/.config/discord/0.0.44/modules
2024-03-10T11:45:49.232Z [Modules] Module installed file path: /home/emr/.config/discord/0.0.44/modules/installed.json
2024-03-10T11:45:49.233Z [Modules] Module download path: /home/emr/.config/discord/0.0.44/modules/pending
2024-03-10T11:45:49.478Z [Modules] Bootstrapping...
2024-03-10T11:45:49.478Z [Modules] Installing discord_desktop_core@0 from /opt/discord/resources/bootstrap/discord_desktop_core.zip
2024-03-10T11:45:49.481Z [Modules] Failed installing discord_desktop_core@0: Error: ENOENT: no such file or directory, open '/opt/discord/resources/bootstrap/discord_desktop_core.zip'
2024-03-10T11:45:49.481Z [Modules] Installing discord_erlpack@0 from /opt/discord/resources/bootstrap/discord_erlpack.zip
2024-03-10T11:45:49.482Z [Modules] Failed installing discord_erlpack@0: Error: ENOENT: no such file or directory, open '/opt/discord/resources/bootstrap/discord_erlpack.zip'
2024-03-10T11:45:49.483Z [Modules] Installing discord_spellcheck@0 from /opt/discord/resources/bootstrap/discord_spellcheck.zip
2024-03-10T11:45:49.484Z [Modules] Failed installing discord_spellcheck@0: Error: ENOENT: no such file or directory, open '/opt/discord/resources/bootstrap/discord_spellcheck.zip'
2024-03-10T11:45:49.491Z [Modules] Installing discord_utils@0 from /opt/discord/resources/bootstrap/discord_utils.zip
2024-03-10T11:45:49.492Z [Modules] Failed installing discord_utils@0: Error: ENOENT: no such file or directory, open '/opt/discord/resources/bootstrap/discord_utils.zip'
2024-03-10T11:45:49.492Z [Modules] Installing discord_voice@0 from /opt/discord/resources/bootstrap/discord_voice.zip
2024-03-10T11:45:49.493Z [Modules] Failed installing discord_voice@0: Error: ENOENT: no such file or directory, open '/opt/discord/resources/bootstrap/discord_voice.zip'
2024-03-10T11:45:49.493Z [Modules] Finished module installations. [success: 0] [failure: 5]
2024-03-10T11:45:49.493Z [Modules] Checking for host updates.
2024-03-10T11:45:49.842Z [Modules] Host is up to date.
2024-03-10T11:45:49.842Z [Modules] Checking for module updates at https://discord.com/api/modules/stable/versions.json
2024-03-10T11:45:49.907Z [Modules] Module update available: discord_desktop_core@1 [installed: 0]
2024-03-10T11:45:49.907Z [Modules] Module update available: discord_erlpack@1 [installed: 0]
2024-03-10T11:45:49.907Z [Modules] Module update available: discord_spellcheck@1 [installed: 0]
2024-03-10T11:45:49.907Z [Modules] Module update available: discord_utils@1 [installed: 0]
2024-03-10T11:45:49.907Z [Modules] Module update available: discord_voice@1 [installed: 0]
2024-03-10T11:45:49.907Z [Modules] Fetching discord_desktop_core@1 from https://discord.com/api/modules/stable/discord_desktop_core/1
2024-03-10T11:45:49.907Z [Modules] Streaming discord_desktop_core@1 to /home/emr/.config/discord/0.0.44/modules/pending/discord_desktop_core-1.zip
2024-03-10T11:45:50.268Z [Modules] Streaming discord_desktop_core@1 to /home/emr/.config/discord/0.0.44/modules/pending/discord_desktop_core-1.zip: 1%
2024-03-10T11:45:50.271Z [Modules] Streaming discord_desktop_core@1 to /home/emr/.config/discord/0.0.44/modules/pending/discord_desktop_core-1.zip: 2%
2024-03-10T11:45:50.273Z [Modules] Streaming discord_desktop_core@1 to /home/emr/.config/discord/0.0.44/modules/pending/discord_desktop_core-1.zip: 3%
2024-03-10T11:45:50.276Z [Modules] Streaming discord_desktop_core@1 to /home/emr/.config/discord/0.0.44/modules/pending/discord_desktop_core-1.zip: 4%
2024-03-10T11:45:50.279Z [Modules] Streaming discord_desktop_core@1 to /home/emr/.config/discord/0.0.44/modules/pending/discord_desktop_core-1.zip: 6%
2024-03-10T11:45:50.281Z [Modules] Streaming discord_desktop_core@1 to /home/emr/.config/discord/0.0.44/modules/pending/discord_desktop_core-1.zip: 9%
2024-03-10T11:45:50.284Z [Modules] Streaming discord_desktop_core@1 to /home/emr/.config/discord/0.0.44/modules/pending/discord_desktop_core-1.zip: 11%
2024-03-10T11:45:50.285Z [Modules] Streaming discord_desktop_core@1 to /home/emr/.config/discord/0.0.44/modules/pending/discord_desktop_core-1.zip: 14%
2024-03-10T11:45:50.286Z [Modules] Streaming discord_desktop_core@1 to /home/emr/.config/discord/0.0.44/modules/pending/discord_desktop_core-1.zip: 16%
2024-03-10T11:45:50.288Z [Modules] Streaming discord_desktop_core@1 to /home/emr/.config/discord/0.0.44/modules/pending/discord_desktop_core-1.zip: 19%
2024-03-10T11:45:50.289Z [Modules] Streaming discord_desktop_core@1 to /home/emr/.config/discord/0.0.44/modules/pending/discord_desktop_core-1.zip: 22%
2024-03-10T11:45:50.292Z [Modules] Streaming discord_desktop_core@1 to /home/emr/.config/discord/0.0.44/modules/pending/discord_desktop_core-1.zip: 25%
2024-03-10T11:45:50.294Z [Modules] Streaming discord_desktop_core@1 to /home/emr/.config/discord/0.0.44/modules/pending/discord_desktop_core-1.zip: 28%
2024-03-10T11:45:50.295Z [Modules] Streaming discord_desktop_core@1 to /home/emr/.config/discord/0.0.44/modules/pending/discord_desktop_core-1.zip: 31%
2024-03-10T11:45:50.295Z [Modules] Streaming discord_desktop_core@1 to /home/emr/.config/discord/0.0.44/modules/pending/discord_desktop_core-1.zip: 34%
2024-03-10T11:45:50.297Z [Modules] Streaming discord_desktop_core@1 to /home/emr/.config/discord/0.0.44/modules/pending/discord_desktop_core-1.zip: 35%
2024-03-10T11:45:50.299Z [Modules] Streaming discord_desktop_core@1 to /home/emr/.config/discord/0.0.44/modules/pending/discord_desktop_core-1.zip: 36%
2024-03-10T11:45:50.301Z [Modules] Streaming discord_desktop_core@1 to /home/emr/.config/discord/0.0.44/modules/pending/discord_desktop_core-1.zip: 39%
2024-03-10T11:45:50.304Z [Modules] Streaming discord_desktop_core@1 to /home/emr/.config/discord/0.0.44/modules/pending/discord_desktop_core-1.zip: 42%
2024-03-10T11:45:50.305Z [Modules] Streaming discord_desktop_core@1 to /home/emr/.config/discord/0.0.44/modules/pending/discord_desktop_core-1.zip: 45%
2024-03-10T11:45:50.305Z [Modules] Streaming discord_desktop_core@1 to /home/emr/.config/discord/0.0.44/modules/pending/discord_desktop_core-1.zip: 48%
2024-03-10T11:45:50.316Z [Modules] Streaming discord_desktop_core@1 to /home/emr/.config/discord/0.0.44/modules/pending/discord_desktop_core-1.zip: 51%
2024-03-10T11:45:50.318Z [Modules] Streaming discord_desktop_core@1 to /home/emr/.config/discord/0.0.44/modules/pending/discord_desktop_core-1.zip: 54%
2024-03-10T11:45:50.319Z [Modules] Streaming discord_desktop_core@1 to /home/emr/.config/discord/0.0.44/modules/pending/discord_desktop_core-1.zip: 56%
2024-03-10T11:45:50.321Z [Modules] Streaming discord_desktop_core@1 to /home/emr/.config/discord/0.0.44/modules/pending/discord_desktop_core-1.zip: 59%
2024-03-10T11:45:50.322Z [Modules] Streaming discord_desktop_core@1 to /home/emr/.config/discord/0.0.44/modules/pending/discord_desktop_core-1.zip: 62%
2024-03-10T11:45:50.323Z [Modules] Streaming discord_desktop_core@1 to /home/emr/.config/discord/0.0.44/modules/pending/discord_desktop_core-1.zip: 65%
2024-03-10T11:45:50.324Z [Modules] Streaming discord_desktop_core@1 to /home/emr/.config/discord/0.0.44/modules/pending/discord_desktop_core-1.zip: 68%
2024-03-10T11:45:50.325Z [Modules] Streaming discord_desktop_core@1 to /home/emr/.config/discord/0.0.44/modules/pending/discord_desktop_core-1.zip: 71%
2024-03-10T11:45:50.327Z [Modules] Streaming discord_desktop_core@1 to /home/emr/.config/discord/0.0.44/modules/pending/discord_desktop_core-1.zip: 74%
2024-03-10T11:45:50.328Z [Modules] Streaming discord_desktop_core@1 to /home/emr/.config/discord/0.0.44/modules/pending/discord_desktop_core-1.zip: 77%
2024-03-10T11:45:50.329Z [Modules] Streaming discord_desktop_core@1 to /home/emr/.config/discord/0.0.44/modules/pending/discord_desktop_core-1.zip: 80%
2024-03-10T11:45:50.330Z [Modules] Streaming discord_desktop_core@1 to /home/emr/.config/discord/0.0.44/modules/pending/discord_desktop_core-1.zip: 82%
2024-03-10T11:45:50.336Z [Modules] Streaming discord_desktop_core@1 to /home/emr/.config/discord/0.0.44/modules/pending/discord_desktop_core-1.zip: 84%
2024-03-10T11:45:50.337Z [Modules] Streaming discord_desktop_core@1 to /home/emr/.config/discord/0.0.44/modules/pending/discord_desktop_core-1.zip: 87%
2024-03-10T11:45:50.338Z [Modules] Streaming discord_desktop_core@1 to /home/emr/.config/discord/0.0.44/modules/pending/discord_desktop_core-1.zip: 90%
2024-03-10T11:45:50.339Z [Modules] Streaming discord_desktop_core@1 to /home/emr/.config/discord/0.0.44/modules/pending/discord_desktop_core-1.zip: 93%
2024-03-10T11:45:50.339Z [Modules] Streaming discord_desktop_core@1 to /home/emr/.config/discord/0.0.44/modules/pending/discord_desktop_core-1.zip: 95%
2024-03-10T11:45:50.341Z [Modules] Streaming discord_desktop_core@1 to /home/emr/.config/discord/0.0.44/modules/pending/discord_desktop_core-1.zip: 100%
2024-03-10T11:45:50.343Z [Modules] Fetching discord_erlpack@1 from https://discord.com/api/modules/stable/discord_erlpack/1
2024-03-10T11:45:50.343Z [Modules] Streaming discord_erlpack@1 to /home/emr/.config/discord/0.0.44/modules/pending/discord_erlpack-1.zip
2024-03-10T11:45:50.593Z [Modules] Streaming discord_erlpack@1 to /home/emr/.config/discord/0.0.44/modules/pending/discord_erlpack-1.zip: 7%
2024-03-10T11:45:50.594Z [Modules] Streaming discord_erlpack@1 to /home/emr/.config/discord/0.0.44/modules/pending/discord_erlpack-1.zip: 9%
2024-03-10T11:45:50.595Z [Modules] Streaming discord_erlpack@1 to /home/emr/.config/discord/0.0.44/modules/pending/discord_erlpack-1.zip: 12%
2024-03-10T11:45:50.597Z [Modules] Streaming discord_erlpack@1 to /home/emr/.config/discord/0.0.44/modules/pending/discord_erlpack-1.zip: 22%
2024-03-10T11:45:50.598Z [Modules] Streaming discord_erlpack@1 to /home/emr/.config/discord/0.0.44/modules/pending/discord_erlpack-1.zip: 23%
2024-03-10T11:45:50.600Z [Modules] Streaming discord_erlpack@1 to /home/emr/.config/discord/0.0.44/modules/pending/discord_erlpack-1.zip: 27%
2024-03-10T11:45:50.601Z [Modules] Streaming discord_erlpack@1 to /home/emr/.config/discord/0.0.44/modules/pending/discord_erlpack-1.zip: 30%
2024-03-10T11:45:50.602Z [Modules] Streaming discord_erlpack@1 to /home/emr/.config/discord/0.0.44/modules/pending/discord_erlpack-1.zip: 34%
2024-03-10T11:45:50.605Z [Modules] Streaming discord_erlpack@1 to /home/emr/.config/discord/0.0.44/modules/pending/discord_erlpack-1.zip: 37%
2024-03-10T11:45:50.607Z [Modules] Streaming discord_erlpack@1 to /home/emr/.config/discord/0.0.44/modules/pending/discord_erlpack-1.zip: 40%
2024-03-10T11:45:50.609Z [Modules] Streaming discord_erlpack@1 to /home/emr/.config/discord/0.0.44/modules/pending/discord_erlpack-1.zip: 51%
2024-03-10T11:45:50.610Z [Modules] Streaming discord_erlpack@1 to /home/emr/.config/discord/0.0.44/modules/pending/discord_erlpack-1.zip: 54%
2024-03-10T11:45:50.610Z [Modules] Streaming discord_erlpack@1 to /home/emr/.config/discord/0.0.44/modules/pending/discord_erlpack-1.zip: 57%
2024-03-10T11:45:50.615Z [Modules] Streaming discord_erlpack@1 to /home/emr/.config/discord/0.0.44/modules/pending/discord_erlpack-1.zip: 60%
2024-03-10T11:45:50.617Z [Modules] Streaming discord_erlpack@1 to /home/emr/.config/discord/0.0.44/modules/pending/discord_erlpack-1.zip: 62%
2024-03-10T11:45:50.619Z [Modules] Streaming discord_erlpack@1 to /home/emr/.config/discord/0.0.44/modules/pending/discord_erlpack-1.zip: 65%
2024-03-10T11:45:50.619Z [Modules] Streaming discord_erlpack@1 to /home/emr/.config/discord/0.0.44/modules/pending/discord_erlpack-1.zip: 69%
2024-03-10T11:45:50.620Z [Modules] Streaming discord_erlpack@1 to /home/emr/.config/discord/0.0.44/modules/pending/discord_erlpack-1.zip: 72%
2024-03-10T11:45:50.621Z [Modules] Streaming discord_erlpack@1 to /home/emr/.config/discord/0.0.44/modules/pending/discord_erlpack-1.zip: 75%
2024-03-10T11:45:50.622Z [Modules] Streaming discord_erlpack@1 to /home/emr/.config/discord/0.0.44/modules/pending/discord_erlpack-1.zip: 76%
2024-03-10T11:45:50.622Z [Modules] Streaming discord_erlpack@1 to /home/emr/.config/discord/0.0.44/modules/pending/discord_erlpack-1.zip: 80%
2024-03-10T11:45:50.623Z [Modules] Streaming discord_erlpack@1 to /home/emr/.config/discord/0.0.44/modules/pending/discord_erlpack-1.zip: 85%
2024-03-10T11:45:50.624Z [Modules] Streaming discord_erlpack@1 to /home/emr/.config/discord/0.0.44/modules/pending/discord_erlpack-1.zip: 88%
2024-03-10T11:45:50.624Z [Modules] Streaming discord_erlpack@1 to /home/emr/.config/discord/0.0.44/modules/pending/discord_erlpack-1.zip: 92%
2024-03-10T11:45:50.625Z [Modules] Streaming discord_erlpack@1 to /home/emr/.config/discord/0.0.44/modules/pending/discord_erlpack-1.zip: 95%
2024-03-10T11:45:50.627Z [Modules] Streaming discord_erlpack@1 to /home/emr/.config/discord/0.0.44/modules/pending/discord_erlpack-1.zip: 98%
2024-03-10T11:45:50.631Z [Modules] Streaming discord_erlpack@1 to /home/emr/.config/discord/0.0.44/modules/pending/discord_erlpack-1.zip: 100%
2024-03-10T11:45:50.633Z [Modules] Fetching discord_spellcheck@1 from https://discord.com/api/modules/stable/discord_spellcheck/1
2024-03-10T11:45:50.633Z [Modules] Streaming discord_spellcheck@1 to /home/emr/.config/discord/0.0.44/modules/pending/discord_spellcheck-1.zip
2024-03-10T11:45:50.883Z [Modules] Streaming discord_spellcheck@1 to /home/emr/.config/discord/0.0.44/modules/pending/discord_spellcheck-1.zip: 1%
2024-03-10T11:45:50.884Z [Modules] Streaming discord_spellcheck@1 to /home/emr/.config/discord/0.0.44/modules/pending/discord_spellcheck-1.zip: 2%
2024-03-10T11:45:50.885Z [Modules] Streaming discord_spellcheck@1 to /home/emr/.config/discord/0.0.44/modules/pending/discord_spellcheck-1.zip: 3%
2024-03-10T11:45:50.886Z [Modules] Streaming discord_spellcheck@1 to /home/emr/.config/discord/0.0.44/modules/pending/discord_spellcheck-1.zip: 4%
2024-03-10T11:45:50.887Z [Modules] Streaming discord_spellcheck@1 to /home/emr/.config/discord/0.0.44/modules/pending/discord_spellcheck-1.zip: 5%
2024-03-10T11:45:50.894Z [Modules] Streaming discord_spellcheck@1 to /home/emr/.config/discord/0.0.44/modules/pending/discord_spellcheck-1.zip: 6%
2024-03-10T11:45:50.895Z [Modules] Streaming discord_spellcheck@1 to /home/emr/.config/discord/0.0.44/modules/pending/discord_spellcheck-1.zip: 7%
2024-03-10T11:45:50.896Z [Modules] Streaming discord_spellcheck@1 to /home/emr/.config/discord/0.0.44/modules/pending/discord_spellcheck-1.zip: 8%
2024-03-10T11:45:50.897Z [Modules] Streaming discord_spellcheck@1 to /home/emr/.config/discord/0.0.44/modules/pending/discord_spellcheck-1.zip: 9%
2024-03-10T11:45:50.900Z [Modules] Streaming discord_spellcheck@1 to /home/emr/.config/discord/0.0.44/modules/pending/discord_spellcheck-1.zip: 10%
2024-03-10T11:45:50.914Z [Modules] Streaming discord_spellcheck@1 to /home/emr/.config/discord/0.0.44/modules/pending/discord_spellcheck-1.zip: 11%
2024-03-10T11:45:50.915Z [Modules] Streaming discord_spellcheck@1 to /home/emr/.config/discord/0.0.44/modules/pending/discord_spellcheck-1.zip: 12%
2024-03-10T11:45:50.916Z [Modules] Streaming discord_spellcheck@1 to /home/emr/.config/discord/0.0.44/modules/pending/discord_spellcheck-1.zip: 13%
2024-03-10T11:45:50.917Z [Modules] Streaming discord_spellcheck@1 to /home/emr/.config/discord/0.0.44/modules/pending/discord_spellcheck-1.zip: 14%
2024-03-10T11:45:50.918Z [Modules] Streaming discord_spellcheck@1 to /home/emr/.config/discord/0.0.44/modules/pending/discord_spellcheck-1.zip: 15%
2024-03-10T11:45:50.919Z [Modules] Streaming discord_spellcheck@1 to /home/emr/.config/discord/0.0.44/modules/pending/discord_spellcheck-1.zip: 16%
2024-03-10T11:45:50.923Z [Modules] Streaming discord_spellcheck@1 to /home/emr/.config/discord/0.0.44/modules/pending/discord_spellcheck-1.zip: 17%
2024-03-10T11:45:50.930Z [Modules] Streaming discord_spellcheck@1 to /home/emr/.config/discord/0.0.44/modules/pending/discord_spellcheck-1.zip: 18%
2024-03-10T11:45:50.931Z [Modules] Streaming discord_spellcheck@1 to /home/emr/.config/discord/0.0.44/modules/pending/discord_spellcheck-1.zip: 19%
2024-03-10T11:45:50.931Z [Modules] Streaming discord_spellcheck@1 to /home/emr/.config/discord/0.0.44/modules/pending/discord_spellcheck-1.zip: 20%
2024-03-10T11:45:50.932Z [Modules] Streaming discord_spellcheck@1 to /home/emr/.config/discord/0.0.44/modules/pending/discord_spellcheck-1.zip: 21%
2024-03-10T11:45:50.933Z [Modules] Streaming discord_spellcheck@1 to /home/emr/.config/discord/0.0.44/modules/pending/discord_spellcheck-1.zip: 22%
2024-03-10T11:45:50.935Z [Modules] Streaming discord_spellcheck@1 to /home/emr/.config/discord/0.0.44/modules/pending/discord_spellcheck-1.zip: 23%
2024-03-10T11:45:50.936Z [Modules] Streaming discord_spellcheck@1 to /home/emr/.config/discord/0.0.44/modules/pending/discord_spellcheck-1.zip: 24%
2024-03-10T11:45:50.948Z [Modules] Streaming discord_spellcheck@1 to /home/emr/.config/discord/0.0.44/modules/pending/discord_spellcheck-1.zip: 25%
2024-03-10T11:45:50.951Z [Modules] Streaming discord_spellcheck@1 to /home/emr/.config/discord/0.0.44/modules/pending/discord_spellcheck-1.zip: 26%
2024-03-10T11:45:50.951Z [Modules] Streaming discord_spellcheck@1 to /home/emr/.config/discord/0.0.44/modules/pending/discord_spellcheck-1.zip: 28%
2024-03-10T11:45:50.952Z [Modules] Streaming discord_spellcheck@1 to /home/emr/.config/discord/0.0.44/modules/pending/discord_spellcheck-1.zip: 29%
2024-03-10T11:45:50.953Z [Modules] Streaming discord_spellcheck@1 to /home/emr/.config/discord/0.0.44/modules/pending/discord_spellcheck-1.zip: 30%
2024-03-10T11:45:50.956Z [Modules] Streaming discord_spellcheck@1 to /home/emr/.config/discord/0.0.44/modules/pending/discord_spellcheck-1.zip: 31%
2024-03-10T11:45:50.958Z [Modules] Streaming discord_spellcheck@1 to /home/emr/.config/discord/0.0.44/modules/pending/discord_spellcheck-1.zip: 32%
2024-03-10T11:45:50.961Z [Modules] Streaming discord_spellcheck@1 to /home/emr/.config/discord/0.0.44/modules/pending/discord_spellcheck-1.zip: 33%
2024-03-10T11:45:50.965Z [Modules] Streaming discord_spellcheck@1 to /home/emr/.config/discord/0.0.44/modules/pending/discord_spellcheck-1.zip: 34%
2024-03-10T11:45:50.968Z [Modules] Streaming discord_spellcheck@1 to /home/emr/.config/discord/0.0.44/modules/pending/discord_spellcheck-1.zip: 35%
2024-03-10T11:45:50.969Z [Modules] Streaming discord_spellcheck@1 to /home/emr/.config/discord/0.0.44/modules/pending/discord_spellcheck-1.zip: 36%
2024-03-10T11:45:50.970Z [Modules] Streaming discord_spellcheck@1 to /home/emr/.config/discord/0.0.44/modules/pending/discord_spellcheck-1.zip: 37%
2024-03-10T11:45:50.971Z [Modules] Streaming discord_spellcheck@1 to /home/emr/.config/discord/0.0.44/modules/pending/discord_spellcheck-1.zip: 38%
2024-03-10T11:45:50.972Z [Modules] Streaming discord_spellcheck@1 to /home/emr/.config/discord/0.0.44/modules/pending/discord_spellcheck-1.zip: 39%
2024-03-10T11:45:50.973Z [Modules] Streaming discord_spellcheck@1 to /home/emr/.config/discord/0.0.44/modules/pending/discord_spellcheck-1.zip: 40%
2024-03-10T11:45:50.975Z [Modules] Streaming discord_spellcheck@1 to /home/emr/.config/discord/0.0.44/modules/pending/discord_spellcheck-1.zip: 41%
2024-03-10T11:45:50.976Z [Modules] Streaming discord_spellcheck@1 to /home/emr/.config/discord/0.0.44/modules/pending/discord_spellcheck-1.zip: 42%
2024-03-10T11:45:50.977Z [Modules] Streaming discord_spellcheck@1 to /home/emr/.config/discord/0.0.44/modules/pending/discord_spellcheck-1.zip: 43%
2024-03-10T11:45:50.982Z [Modules] Streaming discord_spellcheck@1 to /home/emr/.config/discord/0.0.44/modules/pending/discord_spellcheck-1.zip: 44%
2024-03-10T11:45:50.985Z [Modules] Streaming discord_spellcheck@1 to /home/emr/.config/discord/0.0.44/modules/pending/discord_spellcheck-1.zip: 45%
2024-03-10T11:45:50.986Z [Modules] Streaming discord_spellcheck@1 to /home/emr/.config/discord/0.0.44/modules/pending/discord_spellcheck-1.zip: 46%
2024-03-10T11:45:50.987Z [Modules] Streaming discord_spellcheck@1 to /home/emr/.config/discord/0.0.44/modules/pending/discord_spellcheck-1.zip: 47%
2024-03-10T11:45:50.991Z [Modules] Streaming discord_spellcheck@1 to /home/emr/.config/discord/0.0.44/modules/pending/discord_spellcheck-1.zip: 48%
2024-03-10T11:45:50.992Z [Modules] Streaming discord_spellcheck@1 to /home/emr/.config/discord/0.0.44/modules/pending/discord_spellcheck-1.zip: 49%
2024-03-10T11:45:50.993Z [Modules] Streaming discord_spellcheck@1 to /home/emr/.config/discord/0.0.44/modules/pending/discord_spellcheck-1.zip: 50%
2024-03-10T11:45:50.995Z [Modules] Streaming discord_spellcheck@1 to /home/emr/.config/discord/0.0.44/modules/pending/discord_spellcheck-1.zip: 51%
2024-03-10T11:45:50.995Z [Modules] Streaming discord_spellcheck@1 to /home/emr/.config/discord/0.0.44/modules/pending/discord_spellcheck-1.zip: 52%
2024-03-10T11:45:50.997Z [Modules] Streaming discord_spellcheck@1 to /home/emr/.config/discord/0.0.44/modules/pending/discord_spellcheck-1.zip: 53%
2024-03-10T11:45:50.999Z [Modules] Streaming discord_spellcheck@1 to /home/emr/.config/discord/0.0.44/modules/pending/discord_spellcheck-1.zip: 54%
2024-03-10T11:45:51.003Z [Modules] Streaming discord_spellcheck@1 to /home/emr/.config/discord/0.0.44/modules/pending/discord_spellcheck-1.zip: 55%
2024-03-10T11:45:51.004Z [Modules] Streaming discord_spellcheck@1 to /home/emr/.config/discord/0.0.44/modules/pending/discord_spellcheck-1.zip: 56%
2024-03-10T11:45:51.005Z [Modules] Streaming discord_spellcheck@1 to /home/emr/.config/discord/0.0.44/modules/pending/discord_spellcheck-1.zip: 57%
2024-03-10T11:45:51.007Z [Modules] Streaming discord_spellcheck@1 to /home/emr/.config/discord/0.0.44/modules/pending/discord_spellcheck-1.zip: 58%
2024-03-10T11:45:51.007Z [Modules] Streaming discord_spellcheck@1 to /home/emr/.config/discord/0.0.44/modules/pending/discord_spellcheck-1.zip: 59%
2024-03-10T11:45:51.009Z [Modules] Streaming discord_spellcheck@1 to /home/emr/.config/discord/0.0.44/modules/pending/discord_spellcheck-1.zip: 60%
2024-03-10T11:45:51.009Z [Modules] Streaming discord_spellcheck@1 to /home/emr/.config/discord/0.0.44/modules/pending/discord_spellcheck-1.zip: 61%
2024-03-10T11:45:51.013Z [Modules] Streaming discord_spellcheck@1 to /home/emr/.config/discord/0.0.44/modules/pending/discord_spellcheck-1.zip: 62%
2024-03-10T11:45:51.015Z [Modules] Streaming discord_spellcheck@1 to /home/emr/.config/discord/0.0.44/modules/pending/discord_spellcheck-1.zip: 63%
2024-03-10T11:45:51.023Z [Modules] Streaming discord_spellcheck@1 to /home/emr/.config/discord/0.0.44/modules/pending/discord_spellcheck-1.zip: 64%
2024-03-10T11:45:51.024Z [Modules] Streaming discord_spellcheck@1 to /home/emr/.config/discord/0.0.44/modules/pending/discord_spellcheck-1.zip: 65%
2024-03-10T11:45:51.026Z [Modules] Streaming discord_spellcheck@1 to /home/emr/.config/discord/0.0.44/modules/pending/discord_spellcheck-1.zip: 66%
2024-03-10T11:45:51.026Z [Modules] Streaming discord_spellcheck@1 to /home/emr/.config/discord/0.0.44/modules/pending/discord_spellcheck-1.zip: 67%
2024-03-10T11:45:51.028Z [Modules] Streaming discord_spellcheck@1 to /home/emr/.config/discord/0.0.44/modules/pending/discord_spellcheck-1.zip: 68%
2024-03-10T11:45:51.035Z [Modules] Streaming discord_spellcheck@1 to /home/emr/.config/discord/0.0.44/modules/pending/discord_spellcheck-1.zip: 69%
2024-03-10T11:45:51.035Z [Modules] Streaming discord_spellcheck@1 to /home/emr/.config/discord/0.0.44/modules/pending/discord_spellcheck-1.zip: 70%
2024-03-10T11:45:51.037Z [Modules] Streaming discord_spellcheck@1 to /home/emr/.config/discord/0.0.44/modules/pending/discord_spellcheck-1.zip: 71%
2024-03-10T11:45:51.037Z [Modules] Streaming discord_spellcheck@1 to /home/emr/.config/discord/0.0.44/modules/pending/discord_spellcheck-1.zip: 72%
2024-03-10T11:45:51.040Z [Modules] Streaming discord_spellcheck@1 to /home/emr/.config/discord/0.0.44/modules/pending/discord_spellcheck-1.zip: 73%
2024-03-10T11:45:51.042Z [Modules] Streaming discord_spellcheck@1 to /home/emr/.config/discord/0.0.44/modules/pending/discord_spellcheck-1.zip: 74%
2024-03-10T11:45:51.043Z [Modules] Streaming discord_spellcheck@1 to /home/emr/.config/discord/0.0.44/modules/pending/discord_spellcheck-1.zip: 75%
2024-03-10T11:45:51.047Z [Modules] Streaming discord_spellcheck@1 to /home/emr/.config/discord/0.0.44/modules/pending/discord_spellcheck-1.zip: 76%
2024-03-10T11:45:51.048Z [Modules] Streaming discord_spellcheck@1 to /home/emr/.config/discord/0.0.44/modules/pending/discord_spellcheck-1.zip: 78%
2024-03-10T11:45:51.049Z [Modules] Streaming discord_spellcheck@1 to /home/emr/.config/discord/0.0.44/modules/pending/discord_spellcheck-1.zip: 80%
2024-03-10T11:45:51.051Z [Modules] Streaming discord_spellcheck@1 to /home/emr/.config/discord/0.0.44/modules/pending/discord_spellcheck-1.zip: 81%
2024-03-10T11:45:51.054Z [Modules] Streaming discord_spellcheck@1 to /home/emr/.config/discord/0.0.44/modules/pending/discord_spellcheck-1.zip: 82%
2024-03-10T11:45:51.056Z [Modules] Streaming discord_spellcheck@1 to /home/emr/.config/discord/0.0.44/modules/pending/discord_spellcheck-1.zip: 83%
2024-03-10T11:45:51.057Z [Modules] Streaming discord_spellcheck@1 to /home/emr/.config/discord/0.0.44/modules/pending/discord_spellcheck-1.zip: 84%
2024-03-10T11:45:51.058Z [Modules] Streaming discord_spellcheck@1 to /home/emr/.config/discord/0.0.44/modules/pending/discord_spellcheck-1.zip: 85%
2024-03-10T11:45:51.059Z [Modules] Streaming discord_spellcheck@1 to /home/emr/.config/discord/0.0.44/modules/pending/discord_spellcheck-1.zip: 86%
2024-03-10T11:45:51.060Z [Modules] Streaming discord_spellcheck@1 to /home/emr/.config/discord/0.0.44/modules/pending/discord_spellcheck-1.zip: 87%
2024-03-10T11:45:51.061Z [Modules] Streaming discord_spellcheck@1 to /home/emr/.config/discord/0.0.44/modules/pending/discord_spellcheck-1.zip: 88%
2024-03-10T11:45:51.063Z [Modules] Streaming discord_spellcheck@1 to /home/emr/.config/discord/0.0.44/modules/pending/discord_spellcheck-1.zip: 89%
2024-03-10T11:45:51.064Z [Modules] Streaming discord_spellcheck@1 to /home/emr/.config/discord/0.0.44/modules/pending/discord_spellcheck-1.zip: 90%
2024-03-10T11:45:51.083Z [Modules] Streaming discord_spellcheck@1 to /home/emr/.config/discord/0.0.44/modules/pending/discord_spellcheck-1.zip: 91%
2024-03-10T11:45:51.084Z [Modules] Streaming discord_spellcheck@1 to /home/emr/.config/discord/0.0.44/modules/pending/discord_spellcheck-1.zip: 92%
2024-03-10T11:45:51.086Z [Modules] Streaming discord_spellcheck@1 to /home/emr/.config/discord/0.0.44/modules/pending/discord_spellcheck-1.zip: 93%
2024-03-10T11:45:51.087Z [Modules] Streaming discord_spellcheck@1 to /home/emr/.config/discord/0.0.44/modules/pending/discord_spellcheck-1.zip: 94%
2024-03-10T11:45:51.088Z [Modules] Streaming discord_spellcheck@1 to /home/emr/.config/discord/0.0.44/modules/pending/discord_spellcheck-1.zip: 95%
2024-03-10T11:45:51.090Z [Modules] Streaming discord_spellcheck@1 to /home/emr/.config/discord/0.0.44/modules/pending/discord_spellcheck-1.zip: 96%
2024-03-10T11:45:51.090Z [Modules] Streaming discord_spellcheck@1 to /home/emr/.config/discord/0.0.44/modules/pending/discord_spellcheck-1.zip: 97%
2024-03-10T11:45:51.092Z [Modules] Streaming discord_spellcheck@1 to /home/emr/.config/discord/0.0.44/modules/pending/discord_spellcheck-1.zip: 98%
2024-03-10T11:45:51.093Z [Modules] Streaming discord_spellcheck@1 to /home/emr/.config/discord/0.0.44/modules/pending/discord_spellcheck-1.zip: 99%
2024-03-10T11:45:51.094Z [Modules] Streaming discord_spellcheck@1 to /home/emr/.config/discord/0.0.44/modules/pending/discord_spellcheck-1.zip: 100%
2024-03-10T11:45:51.095Z [Modules] Fetching discord_utils@1 from https://discord.com/api/modules/stable/discord_utils/1
2024-03-10T11:45:51.095Z [Modules] Streaming discord_utils@1 to /home/emr/.config/discord/0.0.44/modules/pending/discord_utils-1.zip
2024-03-10T11:45:51.404Z [Modules] Streaming discord_utils@1 to /home/emr/.config/discord/0.0.44/modules/pending/discord_utils-1.zip: 1%
2024-03-10T11:45:51.406Z [Modules] Streaming discord_utils@1 to /home/emr/.config/discord/0.0.44/modules/pending/discord_utils-1.zip: 3%
2024-03-10T11:45:51.407Z [Modules] Streaming discord_utils@1 to /home/emr/.config/discord/0.0.44/modules/pending/discord_utils-1.zip: 7%
2024-03-10T11:45:51.409Z [Modules] Streaming discord_utils@1 to /home/emr/.config/discord/0.0.44/modules/pending/discord_utils-1.zip: 9%
2024-03-10T11:45:51.409Z [Modules] Streaming discord_utils@1 to /home/emr/.config/discord/0.0.44/modules/pending/discord_utils-1.zip: 11%
2024-03-10T11:45:51.410Z [Modules] Streaming discord_utils@1 to /home/emr/.config/discord/0.0.44/modules/pending/discord_utils-1.zip: 13%
2024-03-10T11:45:51.410Z [Modules] Streaming discord_utils@1 to /home/emr/.config/discord/0.0.44/modules/pending/discord_utils-1.zip: 16%
2024-03-10T11:45:51.414Z [Modules] Streaming discord_utils@1 to /home/emr/.config/discord/0.0.44/modules/pending/discord_utils-1.zip: 18%
2024-03-10T11:45:51.414Z [Modules] Streaming discord_utils@1 to /home/emr/.config/discord/0.0.44/modules/pending/discord_utils-1.zip: 22%
2024-03-10T11:45:51.416Z [Modules] Streaming discord_utils@1 to /home/emr/.config/discord/0.0.44/modules/pending/discord_utils-1.zip: 24%
2024-03-10T11:45:51.418Z [Modules] Streaming discord_utils@1 to /home/emr/.config/discord/0.0.44/modules/pending/discord_utils-1.zip: 26%
2024-03-10T11:45:51.418Z [Modules] Streaming discord_utils@1 to /home/emr/.config/discord/0.0.44/modules/pending/discord_utils-1.zip: 29%
2024-03-10T11:45:51.421Z [Modules] Streaming discord_utils@1 to /home/emr/.config/discord/0.0.44/modules/pending/discord_utils-1.zip: 30%
2024-03-10T11:45:51.422Z [Modules] Streaming discord_utils@1 to /home/emr/.config/discord/0.0.44/modules/pending/discord_utils-1.zip: 32%
2024-03-10T11:45:51.423Z [Modules] Streaming discord_utils@1 to /home/emr/.config/discord/0.0.44/modules/pending/discord_utils-1.zip: 33%
2024-03-10T11:45:51.424Z [Modules] Streaming discord_utils@1 to /home/emr/.config/discord/0.0.44/modules/pending/discord_utils-1.zip: 35%
2024-03-10T11:45:51.425Z [Modules] Streaming discord_utils@1 to /home/emr/.config/discord/0.0.44/modules/pending/discord_utils-1.zip: 38%
2024-03-10T11:45:51.425Z [Modules] Streaming discord_utils@1 to /home/emr/.config/discord/0.0.44/modules/pending/discord_utils-1.zip: 43%
2024-03-10T11:45:51.426Z [Modules] Streaming discord_utils@1 to /home/emr/.config/discord/0.0.44/modules/pending/discord_utils-1.zip: 46%
2024-03-10T11:45:51.427Z [Modules] Streaming discord_utils@1 to /home/emr/.config/discord/0.0.44/modules/pending/discord_utils-1.zip: 47%
2024-03-10T11:45:51.433Z [Modules] Streaming discord_utils@1 to /home/emr/.config/discord/0.0.44/modules/pending/discord_utils-1.zip: 49%
2024-03-10T11:45:51.434Z [Modules] Streaming discord_utils@1 to /home/emr/.config/discord/0.0.44/modules/pending/discord_utils-1.zip: 50%
2024-03-10T11:45:51.435Z [Modules] Streaming discord_utils@1 to /home/emr/.config/discord/0.0.44/modules/pending/discord_utils-1.zip: 54%
2024-03-10T11:45:51.435Z [Modules] Streaming discord_utils@1 to /home/emr/.config/discord/0.0.44/modules/pending/discord_utils-1.zip: 56%
2024-03-10T11:45:51.437Z [Modules] Streaming discord_utils@1 to /home/emr/.config/discord/0.0.44/modules/pending/discord_utils-1.zip: 58%
2024-03-10T11:45:51.439Z [Modules] Streaming discord_utils@1 to /home/emr/.config/discord/0.0.44/modules/pending/discord_utils-1.zip: 61%
2024-03-10T11:45:51.443Z [Modules] Streaming discord_utils@1 to /home/emr/.config/discord/0.0.44/modules/pending/discord_utils-1.zip: 63%
2024-03-10T11:45:51.443Z [Modules] Streaming discord_utils@1 to /home/emr/.config/discord/0.0.44/modules/pending/discord_utils-1.zip: 65%
2024-03-10T11:45:51.444Z [Modules] Streaming discord_utils@1 to /home/emr/.config/discord/0.0.44/modules/pending/discord_utils-1.zip: 67%
2024-03-10T11:45:51.445Z [Modules] Streaming discord_utils@1 to /home/emr/.config/discord/0.0.44/modules/pending/discord_utils-1.zip: 71%
2024-03-10T11:45:51.446Z [Modules] Streaming discord_utils@1 to /home/emr/.config/discord/0.0.44/modules/pending/discord_utils-1.zip: 73%
2024-03-10T11:45:51.448Z [Modules] Streaming discord_utils@1 to /home/emr/.config/discord/0.0.44/modules/pending/discord_utils-1.zip: 74%
2024-03-10T11:45:51.450Z [Modules] Streaming discord_utils@1 to /home/emr/.config/discord/0.0.44/modules/pending/discord_utils-1.zip: 76%
2024-03-10T11:45:51.451Z [Modules] Streaming discord_utils@1 to /home/emr/.config/discord/0.0.44/modules/pending/discord_utils-1.zip: 84%
2024-03-10T11:45:51.451Z [Modules] Streaming discord_utils@1 to /home/emr/.config/discord/0.0.44/modules/pending/discord_utils-1.zip: 86%
2024-03-10T11:45:51.454Z [Modules] Streaming discord_utils@1 to /home/emr/.config/discord/0.0.44/modules/pending/discord_utils-1.zip: 88%
2024-03-10T11:45:51.454Z [Modules] Streaming discord_utils@1 to /home/emr/.config/discord/0.0.44/modules/pending/discord_utils-1.zip: 92%
2024-03-10T11:45:51.459Z [Modules] Streaming discord_utils@1 to /home/emr/.config/discord/0.0.44/modules/pending/discord_utils-1.zip: 94%
2024-03-10T11:45:51.461Z [Modules] Streaming discord_utils@1 to /home/emr/.config/discord/0.0.44/modules/pending/discord_utils-1.zip: 96%
2024-03-10T11:45:51.463Z [Modules] Streaming discord_utils@1 to /home/emr/.config/discord/0.0.44/modules/pending/discord_utils-1.zip: 98%
2024-03-10T11:45:51.464Z [Modules] Streaming discord_utils@1 to /home/emr/.config/discord/0.0.44/modules/pending/discord_utils-1.zip: 100%
2024-03-10T11:45:51.465Z [Modules] Fetching discord_voice@1 from https://discord.com/api/modules/stable/discord_voice/1
2024-03-10T11:45:51.465Z [Modules] Streaming discord_voice@1 to /home/emr/.config/discord/0.0.44/modules/pending/discord_voice-1.zip
2024-03-10T11:45:51.737Z [Modules] Streaming discord_voice@1 to /home/emr/.config/discord/0.0.44/modules/pending/discord_voice-1.zip: 1%
2024-03-10T11:45:51.740Z [Modules] Streaming discord_voice@1 to /home/emr/.config/discord/0.0.44/modules/pending/discord_voice-1.zip: 2%
2024-03-10T11:45:51.749Z [Modules] Streaming discord_voice@1 to /home/emr/.config/discord/0.0.44/modules/pending/discord_voice-1.zip: 3%
2024-03-10T11:45:51.753Z [Modules] Streaming discord_voice@1 to /home/emr/.config/discord/0.0.44/modules/pending/discord_voice-1.zip: 4%
2024-03-10T11:45:51.763Z [Modules] Streaming discord_voice@1 to /home/emr/.config/discord/0.0.44/modules/pending/discord_voice-1.zip: 5%
2024-03-10T11:45:51.765Z [Modules] Streaming discord_voice@1 to /home/emr/.config/discord/0.0.44/modules/pending/discord_voice-1.zip: 6%
2024-03-10T11:45:51.768Z [Modules] Streaming discord_voice@1 to /home/emr/.config/discord/0.0.44/modules/pending/discord_voice-1.zip: 7%
2024-03-10T11:45:51.770Z [Modules] Streaming discord_voice@1 to /home/emr/.config/discord/0.0.44/modules/pending/discord_voice-1.zip: 8%
2024-03-10T11:45:51.778Z [Modules] Streaming discord_voice@1 to /home/emr/.config/discord/0.0.44/modules/pending/discord_voice-1.zip: 9%
2024-03-10T11:45:51.782Z [Modules] Streaming discord_voice@1 to /home/emr/.config/discord/0.0.44/modules/pending/discord_voice-1.zip: 10%
2024-03-10T11:45:51.786Z [Modules] Streaming discord_voice@1 to /home/emr/.config/discord/0.0.44/modules/pending/discord_voice-1.zip: 11%
2024-03-10T11:45:51.790Z [Modules] Streaming discord_voice@1 to /home/emr/.config/discord/0.0.44/modules/pending/discord_voice-1.zip: 12%
2024-03-10T11:45:51.794Z [Modules] Streaming discord_voice@1 to /home/emr/.config/discord/0.0.44/modules/pending/discord_voice-1.zip: 13%
2024-03-10T11:45:51.802Z [Modules] Streaming discord_voice@1 to /home/emr/.config/discord/0.0.44/modules/pending/discord_voice-1.zip: 14%
2024-03-10T11:45:51.805Z [Modules] Streaming discord_voice@1 to /home/emr/.config/discord/0.0.44/modules/pending/discord_voice-1.zip: 15%
2024-03-10T11:45:51.809Z [Modules] Streaming discord_voice@1 to /home/emr/.config/discord/0.0.44/modules/pending/discord_voice-1.zip: 16%
2024-03-10T11:45:51.816Z [Modules] Streaming discord_voice@1 to /home/emr/.config/discord/0.0.44/modules/pending/discord_voice-1.zip: 17%
2024-03-10T11:45:51.823Z [Modules] Streaming discord_voice@1 to /home/emr/.config/discord/0.0.44/modules/pending/discord_voice-1.zip: 18%
2024-03-10T11:45:51.825Z [Modules] Streaming discord_voice@1 to /home/emr/.config/discord/0.0.44/modules/pending/discord_voice-1.zip: 19%
2024-03-10T11:45:51.828Z [Modules] Streaming discord_voice@1 to /home/emr/.config/discord/0.0.44/modules/pending/discord_voice-1.zip: 20%
2024-03-10T11:45:51.832Z [Modules] Streaming discord_voice@1 to /home/emr/.config/discord/0.0.44/modules/pending/discord_voice-1.zip: 21%
2024-03-10T11:45:51.839Z [Modules] Streaming discord_voice@1 to /home/emr/.config/discord/0.0.44/modules/pending/discord_voice-1.zip: 22%
2024-03-10T11:45:51.844Z [Modules] Streaming discord_voice@1 to /home/emr/.config/discord/0.0.44/modules/pending/discord_voice-1.zip: 23%
2024-03-10T11:45:51.852Z [Modules] Streaming discord_voice@1 to /home/emr/.config/discord/0.0.44/modules/pending/discord_voice-1.zip: 24%
2024-03-10T11:45:51.856Z [Modules] Streaming discord_voice@1 to /home/emr/.config/discord/0.0.44/modules/pending/discord_voice-1.zip: 25%
2024-03-10T11:45:51.858Z [Modules] Streaming discord_voice@1 to /home/emr/.config/discord/0.0.44/modules/pending/discord_voice-1.zip: 26%
2024-03-10T11:45:51.861Z [Modules] Streaming discord_voice@1 to /home/emr/.config/discord/0.0.44/modules/pending/discord_voice-1.zip: 27%
2024-03-10T11:45:51.871Z [Modules] Streaming discord_voice@1 to /home/emr/.config/discord/0.0.44/modules/pending/discord_voice-1.zip: 28%
2024-03-10T11:45:51.874Z [Modules] Streaming discord_voice@1 to /home/emr/.config/discord/0.0.44/modules/pending/discord_voice-1.zip: 29%
2024-03-10T11:45:51.877Z [Modules] Streaming discord_voice@1 to /home/emr/.config/discord/0.0.44/modules/pending/discord_voice-1.zip: 30%
2024-03-10T11:45:51.880Z [Modules] Streaming discord_voice@1 to /home/emr/.config/discord/0.0.44/modules/pending/discord_voice-1.zip: 31%
2024-03-10T11:45:51.889Z [Modules] Streaming discord_voice@1 to /home/emr/.config/discord/0.0.44/modules/pending/discord_voice-1.zip: 32%
2024-03-10T11:45:51.893Z [Modules] Streaming discord_voice@1 to /home/emr/.config/discord/0.0.44/modules/pending/discord_voice-1.zip: 33%
2024-03-10T11:45:51.896Z [Modules] Streaming discord_voice@1 to /home/emr/.config/discord/0.0.44/modules/pending/discord_voice-1.zip: 34%
2024-03-10T11:45:51.909Z [Modules] Streaming discord_voice@1 to /home/emr/.config/discord/0.0.44/modules/pending/discord_voice-1.zip: 35%
2024-03-10T11:45:51.911Z [Modules] Streaming discord_voice@1 to /home/emr/.config/discord/0.0.44/modules/pending/discord_voice-1.zip: 36%
2024-03-10T11:45:51.914Z [Modules] Streaming discord_voice@1 to /home/emr/.config/discord/0.0.44/modules/pending/discord_voice-1.zip: 37%
2024-03-10T11:45:51.918Z [Modules] Streaming discord_voice@1 to /home/emr/.config/discord/0.0.44/modules/pending/discord_voice-1.zip: 38%
2024-03-10T11:45:51.927Z [Modules] Streaming discord_voice@1 to /home/emr/.config/discord/0.0.44/modules/pending/discord_voice-1.zip: 39%
2024-03-10T11:45:51.931Z [Modules] Streaming discord_voice@1 to /home/emr/.config/discord/0.0.44/modules/pending/discord_voice-1.zip: 40%
2024-03-10T11:45:51.937Z [Modules] Streaming discord_voice@1 to /home/emr/.config/discord/0.0.44/modules/pending/discord_voice-1.zip: 41%
2024-03-10T11:45:51.940Z [Modules] Streaming discord_voice@1 to /home/emr/.config/discord/0.0.44/modules/pending/discord_voice-1.zip: 42%
2024-03-10T11:45:51.943Z [Modules] Streaming discord_voice@1 to /home/emr/.config/discord/0.0.44/modules/pending/discord_voice-1.zip: 43%
2024-03-10T11:45:51.946Z [Modules] Streaming discord_voice@1 to /home/emr/.config/discord/0.0.44/modules/pending/discord_voice-1.zip: 44%
2024-03-10T11:45:51.954Z [Modules] Streaming discord_voice@1 to /home/emr/.config/discord/0.0.44/modules/pending/discord_voice-1.zip: 45%
2024-03-10T11:45:51.958Z [Modules] Streaming discord_voice@1 to /home/emr/.config/discord/0.0.44/modules/pending/discord_voice-1.zip: 46%
2024-03-10T11:45:51.962Z [Modules] Streaming discord_voice@1 to /home/emr/.config/discord/0.0.44/modules/pending/discord_voice-1.zip: 47%
2024-03-10T11:45:51.965Z [Modules] Streaming discord_voice@1 to /home/emr/.config/discord/0.0.44/modules/pending/discord_voice-1.zip: 48%
2024-03-10T11:45:51.974Z [Modules] Streaming discord_voice@1 to /home/emr/.config/discord/0.0.44/modules/pending/discord_voice-1.zip: 49%
2024-03-10T11:45:51.977Z [Modules] Streaming discord_voice@1 to /home/emr/.config/discord/0.0.44/modules/pending/discord_voice-1.zip: 50%
2024-03-10T11:45:51.979Z [Modules] Streaming discord_voice@1 to /home/emr/.config/discord/0.0.44/modules/pending/discord_voice-1.zip: 51%
2024-03-10T11:45:51.982Z [Modules] Streaming discord_voice@1 to /home/emr/.config/discord/0.0.44/modules/pending/discord_voice-1.zip: 52%
2024-03-10T11:45:51.991Z [Modules] Streaming discord_voice@1 to /home/emr/.config/discord/0.0.44/modules/pending/discord_voice-1.zip: 53%
2024-03-10T11:45:51.994Z [Modules] Streaming discord_voice@1 to /home/emr/.config/discord/0.0.44/modules/pending/discord_voice-1.zip: 54%
2024-03-10T11:45:51.997Z [Modules] Streaming discord_voice@1 to /home/emr/.config/discord/0.0.44/modules/pending/discord_voice-1.zip: 55%
2024-03-10T11:45:52.000Z [Modules] Streaming discord_voice@1 to /home/emr/.config/discord/0.0.44/modules/pending/discord_voice-1.zip: 56%
2024-03-10T11:45:52.010Z [Modules] Streaming discord_voice@1 to /home/emr/.config/discord/0.0.44/modules/pending/discord_voice-1.zip: 57%
2024-03-10T11:45:52.013Z [Modules] Streaming discord_voice@1 to /home/emr/.config/discord/0.0.44/modules/pending/discord_voice-1.zip: 58%
2024-03-10T11:45:52.017Z [Modules] Streaming discord_voice@1 to /home/emr/.config/discord/0.0.44/modules/pending/discord_voice-1.zip: 59%
2024-03-10T11:45:52.020Z [Modules] Streaming discord_voice@1 to /home/emr/.config/discord/0.0.44/modules/pending/discord_voice-1.zip: 60%
2024-03-10T11:45:52.032Z [Modules] Streaming discord_voice@1 to /home/emr/.config/discord/0.0.44/modules/pending/discord_voice-1.zip: 61%
2024-03-10T11:45:52.036Z [Modules] Streaming discord_voice@1 to /home/emr/.config/discord/0.0.44/modules/pending/discord_voice-1.zip: 62%
2024-03-10T11:45:52.040Z [Modules] Streaming discord_voice@1 to /home/emr/.config/discord/0.0.44/modules/pending/discord_voice-1.zip: 63%
2024-03-10T11:45:52.047Z [Modules] Streaming discord_voice@1 to /home/emr/.config/discord/0.0.44/modules/pending/discord_voice-1.zip: 64%
2024-03-10T11:45:52.050Z [Modules] Streaming discord_voice@1 to /home/emr/.config/discord/0.0.44/modules/pending/discord_voice-1.zip: 65%
2024-03-10T11:45:52.060Z [Modules] Streaming discord_voice@1 to /home/emr/.config/discord/0.0.44/modules/pending/discord_voice-1.zip: 66%
2024-03-10T11:45:52.062Z [Modules] Streaming discord_voice@1 to /home/emr/.config/discord/0.0.44/modules/pending/discord_voice-1.zip: 67%
2024-03-10T11:45:52.065Z [Modules] Streaming discord_voice@1 to /home/emr/.config/discord/0.0.44/modules/pending/discord_voice-1.zip: 68%
2024-03-10T11:45:52.070Z [Modules] Streaming discord_voice@1 to /home/emr/.config/discord/0.0.44/modules/pending/discord_voice-1.zip: 69%
2024-03-10T11:45:52.074Z [Modules] Streaming discord_voice@1 to /home/emr/.config/discord/0.0.44/modules/pending/discord_voice-1.zip: 70%
2024-03-10T11:45:52.080Z [Modules] Streaming discord_voice@1 to /home/emr/.config/discord/0.0.44/modules/pending/discord_voice-1.zip: 71%
2024-03-10T11:45:52.083Z [Modules] Streaming discord_voice@1 to /home/emr/.config/discord/0.0.44/modules/pending/discord_voice-1.zip: 72%
2024-03-10T11:45:52.086Z [Modules] Streaming discord_voice@1 to /home/emr/.config/discord/0.0.44/modules/pending/discord_voice-1.zip: 73%
2024-03-10T11:45:52.089Z [Modules] Streaming discord_voice@1 to /home/emr/.config/discord/0.0.44/modules/pending/discord_voice-1.zip: 74%
2024-03-10T11:45:52.099Z [Modules] Streaming discord_voice@1 to /home/emr/.config/discord/0.0.44/modules/pending/discord_voice-1.zip: 75%
2024-03-10T11:45:52.102Z [Modules] Streaming discord_voice@1 to /home/emr/.config/discord/0.0.44/modules/pending/discord_voice-1.zip: 76%
2024-03-10T11:45:52.106Z [Modules] Streaming discord_voice@1 to /home/emr/.config/discord/0.0.44/modules/pending/discord_voice-1.zip: 77%
2024-03-10T11:45:52.108Z [Modules] Streaming discord_voice@1 to /home/emr/.config/discord/0.0.44/modules/pending/discord_voice-1.zip: 78%
2024-03-10T11:45:52.115Z [Modules] Streaming discord_voice@1 to /home/emr/.config/discord/0.0.44/modules/pending/discord_voice-1.zip: 79%
2024-03-10T11:45:52.123Z [Modules] Streaming discord_voice@1 to /home/emr/.config/discord/0.0.44/modules/pending/discord_voice-1.zip: 80%
2024-03-10T11:45:52.125Z [Modules] Streaming discord_voice@1 to /home/emr/.config/discord/0.0.44/modules/pending/discord_voice-1.zip: 81%
2024-03-10T11:45:52.128Z [Modules] Streaming discord_voice@1 to /home/emr/.config/discord/0.0.44/modules/pending/discord_voice-1.zip: 82%
2024-03-10T11:45:52.131Z [Modules] Streaming discord_voice@1 to /home/emr/.config/discord/0.0.44/modules/pending/discord_voice-1.zip: 83%
2024-03-10T11:45:52.140Z [Modules] Streaming discord_voice@1 to /home/emr/.config/discord/0.0.44/modules/pending/discord_voice-1.zip: 84%
2024-03-10T11:45:52.143Z [Modules] Streaming discord_voice@1 to /home/emr/.config/discord/0.0.44/modules/pending/discord_voice-1.zip: 85%
2024-03-10T11:45:52.146Z [Modules] Streaming discord_voice@1 to /home/emr/.config/discord/0.0.44/modules/pending/discord_voice-1.zip: 86%
2024-03-10T11:45:52.152Z [Modules] Streaming discord_voice@1 to /home/emr/.config/discord/0.0.44/modules/pending/discord_voice-1.zip: 87%
2024-03-10T11:45:52.161Z [Modules] Streaming discord_voice@1 to /home/emr/.config/discord/0.0.44/modules/pending/discord_voice-1.zip: 88%
2024-03-10T11:45:52.165Z [Modules] Streaming discord_voice@1 to /home/emr/.config/discord/0.0.44/modules/pending/discord_voice-1.zip: 89%
2024-03-10T11:45:52.167Z [Modules] Streaming discord_voice@1 to /home/emr/.config/discord/0.0.44/modules/pending/discord_voice-1.zip: 90%
2024-03-10T11:45:52.173Z [Modules] Streaming discord_voice@1 to /home/emr/.config/discord/0.0.44/modules/pending/discord_voice-1.zip: 91%
2024-03-10T11:45:52.183Z [Modules] Streaming discord_voice@1 to /home/emr/.config/discord/0.0.44/modules/pending/discord_voice-1.zip: 92%
2024-03-10T11:45:52.186Z [Modules] Streaming discord_voice@1 to /home/emr/.config/discord/0.0.44/modules/pending/discord_voice-1.zip: 93%
2024-03-10T11:45:52.189Z [Modules] Streaming discord_voice@1 to /home/emr/.config/discord/0.0.44/modules/pending/discord_voice-1.zip: 94%
2024-03-10T11:45:52.193Z [Modules] Streaming discord_voice@1 to /home/emr/.config/discord/0.0.44/modules/pending/discord_voice-1.zip: 95%
2024-03-10T11:45:52.205Z [Modules] Streaming discord_voice@1 to /home/emr/.config/discord/0.0.44/modules/pending/discord_voice-1.zip: 96%
2024-03-10T11:45:52.211Z [Modules] Streaming discord_voice@1 to /home/emr/.config/discord/0.0.44/modules/pending/discord_voice-1.zip: 97%
2024-03-10T11:45:52.212Z [Modules] Streaming discord_voice@1 to /home/emr/.config/discord/0.0.44/modules/pending/discord_voice-1.zip: 98%
2024-03-10T11:45:52.220Z [Modules] Streaming discord_voice@1 to /home/emr/.config/discord/0.0.44/modules/pending/discord_voice-1.zip: 99%
2024-03-10T11:45:52.225Z [Modules] Streaming discord_voice@1 to /home/emr/.config/discord/0.0.44/modules/pending/discord_voice-1.zip: 100%
2024-03-10T11:45:52.226Z [Modules] Finished module downloads. [success: 5] [failure: 0]
2024-03-10T11:45:52.226Z [Modules] Installing updates...
2024-03-10T11:45:52.226Z [Modules] Installing discord_desktop_core@1 from /home/emr/.config/discord/0.0.44/modules/pending/discord_desktop_core-1.zip
2024-03-10T11:45:52.290Z [Modules] Installing discord_erlpack@1 from /home/emr/.config/discord/0.0.44/modules/pending/discord_erlpack-1.zip
2024-03-10T11:45:52.342Z [Modules] Installing discord_spellcheck@1 from /home/emr/.config/discord/0.0.44/modules/pending/discord_spellcheck-1.zip
2024-03-10T11:45:52.977Z [Modules] Installing discord_utils@1 from /home/emr/.config/discord/0.0.44/modules/pending/discord_utils-1.zip
2024-03-10T11:45:53.080Z [Modules] Installing discord_voice@1 from /home/emr/.config/discord/0.0.44/modules/pending/discord_voice-1.zip
2024-03-10T11:45:53.570Z [Modules] Finished module installations. [success: 5] [failure: 0]
2024-03-10T11:45:53.570Z [Modules] Checking for host updates.
2024-03-10T11:45:53.826Z [Modules] Host is up to date.
2024-03-10T11:45:53.826Z [Modules] Checking for module updates at https://discord.com/api/modules/stable/versions.json
2024-03-10T11:45:53.830Z [Modules] No module updates available.
2024-03-10T11:45:54.868Z [Modules] Starting to install discord_krisp...
2024-03-10T11:45:54.868Z [Modules] Fetching discord_krisp@1 from https://discord.com/api/modules/stable/discord_krisp/1
2024-03-10T11:45:54.868Z [Modules] Streaming discord_krisp@1 to /home/emr/.config/discord/0.0.44/modules/pending/discord_krisp-1.zip
2024-03-10T11:45:54.876Z [Modules] Starting to install discord_game_utils...
2024-03-10T11:45:55.146Z [Modules] Streaming discord_krisp@1 to /home/emr/.config/discord/0.0.44/modules/pending/discord_krisp-1.zip: 1%
2024-03-10T11:45:55.149Z [Modules] Streaming discord_krisp@1 to /home/emr/.config/discord/0.0.44/modules/pending/discord_krisp-1.zip: 2%
2024-03-10T11:45:55.153Z [Modules] Streaming discord_krisp@1 to /home/emr/.config/discord/0.0.44/modules/pending/discord_krisp-1.zip: 3%
2024-03-10T11:45:55.154Z [Modules] Streaming discord_krisp@1 to /home/emr/.config/discord/0.0.44/modules/pending/discord_krisp-1.zip: 4%
2024-03-10T11:45:55.221Z [Modules] Streaming discord_krisp@1 to /home/emr/.config/discord/0.0.44/modules/pending/discord_krisp-1.zip: 5%
2024-03-10T11:45:55.222Z [Modules] Streaming discord_krisp@1 to /home/emr/.config/discord/0.0.44/modules/pending/discord_krisp-1.zip: 6%
2024-03-10T11:45:55.223Z [Modules] Streaming discord_krisp@1 to /home/emr/.config/discord/0.0.44/modules/pending/discord_krisp-1.zip: 7%
2024-03-10T11:45:55.223Z [Modules] Streaming discord_krisp@1 to /home/emr/.config/discord/0.0.44/modules/pending/discord_krisp-1.zip: 8%
2024-03-10T11:45:55.224Z [Modules] Streaming discord_krisp@1 to /home/emr/.config/discord/0.0.44/modules/pending/discord_krisp-1.zip: 9%
2024-03-10T11:45:55.225Z [Modules] Streaming discord_krisp@1 to /home/emr/.config/discord/0.0.44/modules/pending/discord_krisp-1.zip: 10%
2024-03-10T11:45:55.226Z [Modules] Streaming discord_krisp@1 to /home/emr/.config/discord/0.0.44/modules/pending/discord_krisp-1.zip: 11%
2024-03-10T11:45:55.227Z [Modules] Streaming discord_krisp@1 to /home/emr/.config/discord/0.0.44/modules/pending/discord_krisp-1.zip: 12%
2024-03-10T11:45:55.227Z [Modules] Streaming discord_krisp@1 to /home/emr/.config/discord/0.0.44/modules/pending/discord_krisp-1.zip: 13%
2024-03-10T11:45:55.228Z [Modules] Streaming discord_krisp@1 to /home/emr/.config/discord/0.0.44/modules/pending/discord_krisp-1.zip: 14%
2024-03-10T11:45:55.228Z [Modules] Streaming discord_krisp@1 to /home/emr/.config/discord/0.0.44/modules/pending/discord_krisp-1.zip: 15%
2024-03-10T11:45:55.228Z [Modules] Streaming discord_krisp@1 to /home/emr/.config/discord/0.0.44/modules/pending/discord_krisp-1.zip: 16%
2024-03-10T11:45:55.229Z [Modules] Streaming discord_krisp@1 to /home/emr/.config/discord/0.0.44/modules/pending/discord_krisp-1.zip: 17%
2024-03-10T11:45:55.256Z [Modules] Streaming discord_krisp@1 to /home/emr/.config/discord/0.0.44/modules/pending/discord_krisp-1.zip: 18%
2024-03-10T11:45:55.257Z [Modules] Streaming discord_krisp@1 to /home/emr/.config/discord/0.0.44/modules/pending/discord_krisp-1.zip: 19%
2024-03-10T11:45:55.260Z [Modules] Streaming discord_krisp@1 to /home/emr/.config/discord/0.0.44/modules/pending/discord_krisp-1.zip: 20%
2024-03-10T11:45:55.262Z [Modules] Streaming discord_krisp@1 to /home/emr/.config/discord/0.0.44/modules/pending/discord_krisp-1.zip: 21%
2024-03-10T11:45:55.265Z [Modules] Streaming discord_krisp@1 to /home/emr/.config/discord/0.0.44/modules/pending/discord_krisp-1.zip: 22%
2024-03-10T11:45:55.277Z [Modules] Streaming discord_krisp@1 to /home/emr/.config/discord/0.0.44/modules/pending/discord_krisp-1.zip: 23%
2024-03-10T11:45:55.298Z [Modules] Streaming discord_krisp@1 to /home/emr/.config/discord/0.0.44/modules/pending/discord_krisp-1.zip: 24%
2024-03-10T11:45:55.303Z [Modules] Streaming discord_krisp@1 to /home/emr/.config/discord/0.0.44/modules/pending/discord_krisp-1.zip: 25%
2024-03-10T11:45:55.304Z [Modules] Streaming discord_krisp@1 to /home/emr/.config/discord/0.0.44/modules/pending/discord_krisp-1.zip: 26%
2024-03-10T11:45:55.304Z [Modules] Streaming discord_krisp@1 to /home/emr/.config/discord/0.0.44/modules/pending/discord_krisp-1.zip: 27%
2024-03-10T11:45:55.305Z [Modules] Streaming discord_krisp@1 to /home/emr/.config/discord/0.0.44/modules/pending/discord_krisp-1.zip: 29%
2024-03-10T11:45:55.308Z [Modules] Streaming discord_krisp@1 to /home/emr/.config/discord/0.0.44/modules/pending/discord_krisp-1.zip: 30%
2024-03-10T11:45:55.314Z [Modules] Streaming discord_krisp@1 to /home/emr/.config/discord/0.0.44/modules/pending/discord_krisp-1.zip: 31%
2024-03-10T11:45:55.315Z [Modules] Streaming discord_krisp@1 to /home/emr/.config/discord/0.0.44/modules/pending/discord_krisp-1.zip: 32%
2024-03-10T11:45:55.316Z [Modules] Streaming discord_krisp@1 to /home/emr/.config/discord/0.0.44/modules/pending/discord_krisp-1.zip: 33%
2024-03-10T11:45:55.325Z [Modules] Streaming discord_krisp@1 to /home/emr/.config/discord/0.0.44/modules/pending/discord_krisp-1.zip: 34%
2024-03-10T11:45:55.327Z [Modules] Streaming discord_krisp@1 to /home/emr/.config/discord/0.0.44/modules/pending/discord_krisp-1.zip: 35%
2024-03-10T11:45:55.334Z [Modules] Streaming discord_krisp@1 to /home/emr/.config/discord/0.0.44/modules/pending/discord_krisp-1.zip: 36%
2024-03-10T11:45:55.340Z [Modules] Streaming discord_krisp@1 to /home/emr/.config/discord/0.0.44/modules/pending/discord_krisp-1.zip: 37%
2024-03-10T11:45:55.345Z [Modules] Streaming discord_krisp@1 to /home/emr/.config/discord/0.0.44/modules/pending/discord_krisp-1.zip: 38%
2024-03-10T11:45:55.348Z [Modules] Streaming discord_krisp@1 to /home/emr/.config/discord/0.0.44/modules/pending/discord_krisp-1.zip: 39%
2024-03-10T11:45:55.351Z [Modules] Streaming discord_krisp@1 to /home/emr/.config/discord/0.0.44/modules/pending/discord_krisp-1.zip: 40%
2024-03-10T11:45:55.353Z [Modules] Streaming discord_krisp@1 to /home/emr/.config/discord/0.0.44/modules/pending/discord_krisp-1.zip: 41%
2024-03-10T11:45:55.355Z [Modules] Streaming discord_krisp@1 to /home/emr/.config/discord/0.0.44/modules/pending/discord_krisp-1.zip: 42%
2024-03-10T11:45:55.368Z [Modules] Streaming discord_krisp@1 to /home/emr/.config/discord/0.0.44/modules/pending/discord_krisp-1.zip: 43%
2024-03-10T11:45:55.376Z [Modules] Streaming discord_krisp@1 to /home/emr/.config/discord/0.0.44/modules/pending/discord_krisp-1.zip: 44%
2024-03-10T11:45:55.377Z [Modules] Streaming discord_krisp@1 to /home/emr/.config/discord/0.0.44/modules/pending/discord_krisp-1.zip: 45%
2024-03-10T11:45:55.378Z [Modules] Streaming discord_krisp@1 to /home/emr/.config/discord/0.0.44/modules/pending/discord_krisp-1.zip: 46%
2024-03-10T11:45:55.387Z [Modules] Streaming discord_krisp@1 to /home/emr/.config/discord/0.0.44/modules/pending/discord_krisp-1.zip: 47%
2024-03-10T11:45:55.390Z [Modules] Streaming discord_krisp@1 to /home/emr/.config/discord/0.0.44/modules/pending/discord_krisp-1.zip: 48%
2024-03-10T11:45:55.394Z [Modules] Streaming discord_krisp@1 to /home/emr/.config/discord/0.0.44/modules/pending/discord_krisp-1.zip: 49%
2024-03-10T11:45:55.401Z [Modules] Streaming discord_krisp@1 to /home/emr/.config/discord/0.0.44/modules/pending/discord_krisp-1.zip: 50%
2024-03-10T11:45:55.401Z [Modules] Streaming discord_krisp@1 to /home/emr/.config/discord/0.0.44/modules/pending/discord_krisp-1.zip: 51%
2024-03-10T11:45:55.405Z [Modules] Streaming discord_krisp@1 to /home/emr/.config/discord/0.0.44/modules/pending/discord_krisp-1.zip: 52%
2024-03-10T11:45:55.435Z [Modules] Streaming discord_krisp@1 to /home/emr/.config/discord/0.0.44/modules/pending/discord_krisp-1.zip: 53%
2024-03-10T11:45:55.437Z [Modules] Streaming discord_krisp@1 to /home/emr/.config/discord/0.0.44/modules/pending/discord_krisp-1.zip: 54%
2024-03-10T11:45:55.438Z [Modules] Streaming discord_krisp@1 to /home/emr/.config/discord/0.0.44/modules/pending/discord_krisp-1.zip: 55%
2024-03-10T11:45:55.451Z [Modules] Streaming discord_krisp@1 to /home/emr/.config/discord/0.0.44/modules/pending/discord_krisp-1.zip: 56%
2024-03-10T11:45:55.451Z [Modules] Streaming discord_krisp@1 to /home/emr/.config/discord/0.0.44/modules/pending/discord_krisp-1.zip: 57%
2024-03-10T11:45:55.453Z [Modules] Streaming discord_krisp@1 to /home/emr/.config/discord/0.0.44/modules/pending/discord_krisp-1.zip: 58%
2024-03-10T11:45:55.455Z [Modules] Streaming discord_krisp@1 to /home/emr/.config/discord/0.0.44/modules/pending/discord_krisp-1.zip: 59%
2024-03-10T11:45:55.461Z [Modules] Streaming discord_krisp@1 to /home/emr/.config/discord/0.0.44/modules/pending/discord_krisp-1.zip: 60%
2024-03-10T11:45:55.463Z [Modules] Streaming discord_krisp@1 to /home/emr/.config/discord/0.0.44/modules/pending/discord_krisp-1.zip: 61%
2024-03-10T11:45:55.468Z [Modules] Streaming discord_krisp@1 to /home/emr/.config/discord/0.0.44/modules/pending/discord_krisp-1.zip: 62%
2024-03-10T11:45:55.475Z [Modules] Checking for host updates.
2024-03-10T11:45:55.475Z [Modules] Streaming discord_krisp@1 to /home/emr/.config/discord/0.0.44/modules/pending/discord_krisp-1.zip: 63%
2024-03-10T11:45:55.483Z [Modules] Streaming discord_krisp@1 to /home/emr/.config/discord/0.0.44/modules/pending/discord_krisp-1.zip: 64%
2024-03-10T11:45:55.487Z [Modules] Streaming discord_krisp@1 to /home/emr/.config/discord/0.0.44/modules/pending/discord_krisp-1.zip: 65%
2024-03-10T11:45:55.490Z [Modules] Streaming discord_krisp@1 to /home/emr/.config/discord/0.0.44/modules/pending/discord_krisp-1.zip: 66%
2024-03-10T11:45:55.494Z [Modules] Streaming discord_krisp@1 to /home/emr/.config/discord/0.0.44/modules/pending/discord_krisp-1.zip: 67%
2024-03-10T11:45:55.498Z [Modules] Streaming discord_krisp@1 to /home/emr/.config/discord/0.0.44/modules/pending/discord_krisp-1.zip: 68%
2024-03-10T11:45:55.501Z [Modules] Streaming discord_krisp@1 to /home/emr/.config/discord/0.0.44/modules/pending/discord_krisp-1.zip: 69%
2024-03-10T11:45:55.504Z [Modules] Streaming discord_krisp@1 to /home/emr/.config/discord/0.0.44/modules/pending/discord_krisp-1.zip: 70%
2024-03-10T11:45:55.510Z [Modules] Streaming discord_krisp@1 to /home/emr/.config/discord/0.0.44/modules/pending/discord_krisp-1.zip: 71%
2024-03-10T11:45:55.514Z [Modules] Streaming discord_krisp@1 to /home/emr/.config/discord/0.0.44/modules/pending/discord_krisp-1.zip: 72%
2024-03-10T11:45:55.525Z [Modules] Streaming discord_krisp@1 to /home/emr/.config/discord/0.0.44/modules/pending/discord_krisp-1.zip: 73%
2024-03-10T11:45:55.528Z [Modules] Streaming discord_krisp@1 to /home/emr/.config/discord/0.0.44/modules/pending/discord_krisp-1.zip: 74%
2024-03-10T11:45:55.535Z [Modules] Streaming discord_krisp@1 to /home/emr/.config/discord/0.0.44/modules/pending/discord_krisp-1.zip: 75%
2024-03-10T11:45:55.538Z [Modules] Streaming discord_krisp@1 to /home/emr/.config/discord/0.0.44/modules/pending/discord_krisp-1.zip: 76%
2024-03-10T11:45:55.541Z [Modules] Streaming discord_krisp@1 to /home/emr/.config/discord/0.0.44/modules/pending/discord_krisp-1.zip: 77%
2024-03-10T11:45:55.546Z [Modules] Streaming discord_krisp@1 to /home/emr/.config/discord/0.0.44/modules/pending/discord_krisp-1.zip: 78%
2024-03-10T11:45:55.550Z [Modules] Streaming discord_krisp@1 to /home/emr/.config/discord/0.0.44/modules/pending/discord_krisp-1.zip: 79%
2024-03-10T11:45:55.557Z [Modules] Streaming discord_krisp@1 to /home/emr/.config/discord/0.0.44/modules/pending/discord_krisp-1.zip: 80%
2024-03-10T11:45:55.560Z [Modules] Starting to install discord_rpc...
2024-03-10T11:45:55.562Z [Modules] Streaming discord_krisp@1 to /home/emr/.config/discord/0.0.44/modules/pending/discord_krisp-1.zip: 81%
2024-03-10T11:45:55.567Z [Modules] Streaming discord_krisp@1 to /home/emr/.config/discord/0.0.44/modules/pending/discord_krisp-1.zip: 82%
2024-03-10T11:45:55.577Z [Modules] Streaming discord_krisp@1 to /home/emr/.config/discord/0.0.44/modules/pending/discord_krisp-1.zip: 83%
2024-03-10T11:45:55.582Z [Modules] Streaming discord_krisp@1 to /home/emr/.config/discord/0.0.44/modules/pending/discord_krisp-1.zip: 84%
2024-03-10T11:45:55.583Z [Modules] Streaming discord_krisp@1 to /home/emr/.config/discord/0.0.44/modules/pending/discord_krisp-1.zip: 85%
2024-03-10T11:45:55.587Z [Modules] Streaming discord_krisp@1 to /home/emr/.config/discord/0.0.44/modules/pending/discord_krisp-1.zip: 86%
2024-03-10T11:45:55.597Z [Modules] Streaming discord_krisp@1 to /home/emr/.config/discord/0.0.44/modules/pending/discord_krisp-1.zip: 87%
2024-03-10T11:45:55.610Z [Modules] Streaming discord_krisp@1 to /home/emr/.config/discord/0.0.44/modules/pending/discord_krisp-1.zip: 88%
2024-03-10T11:45:55.611Z [Modules] Streaming discord_krisp@1 to /home/emr/.config/discord/0.0.44/modules/pending/discord_krisp-1.zip: 89%
2024-03-10T11:45:55.616Z [Modules] Streaming discord_krisp@1 to /home/emr/.config/discord/0.0.44/modules/pending/discord_krisp-1.zip: 90%
2024-03-10T11:45:55.617Z [Modules] Streaming discord_krisp@1 to /home/emr/.config/discord/0.0.44/modules/pending/discord_krisp-1.zip: 91%
2024-03-10T11:45:55.633Z [Modules] Streaming discord_krisp@1 to /home/emr/.config/discord/0.0.44/modules/pending/discord_krisp-1.zip: 92%
2024-03-10T11:45:55.634Z [Modules] Streaming discord_krisp@1 to /home/emr/.config/discord/0.0.44/modules/pending/discord_krisp-1.zip: 93%
2024-03-10T11:45:55.634Z [Modules] Streaming discord_krisp@1 to /home/emr/.config/discord/0.0.44/modules/pending/discord_krisp-1.zip: 94%
2024-03-10T11:45:55.640Z [Modules] Streaming discord_krisp@1 to /home/emr/.config/discord/0.0.44/modules/pending/discord_krisp-1.zip: 95%
2024-03-10T11:45:55.641Z [Modules] Streaming discord_krisp@1 to /home/emr/.config/discord/0.0.44/modules/pending/discord_krisp-1.zip: 96%
2024-03-10T11:45:55.649Z [Modules] Streaming discord_krisp@1 to /home/emr/.config/discord/0.0.44/modules/pending/discord_krisp-1.zip: 97%
2024-03-10T11:45:55.651Z [Modules] Streaming discord_krisp@1 to /home/emr/.config/discord/0.0.44/modules/pending/discord_krisp-1.zip: 98%
2024-03-10T11:45:55.655Z [Modules] Streaming discord_krisp@1 to /home/emr/.config/discord/0.0.44/modules/pending/discord_krisp-1.zip: 99%
2024-03-10T11:45:55.658Z [Modules] Streaming discord_krisp@1 to /home/emr/.config/discord/0.0.44/modules/pending/discord_krisp-1.zip: 100%
2024-03-10T11:45:55.660Z [Modules] Fetching discord_game_utils@1 from https://discord.com/api/modules/stable/discord_game_utils/1
2024-03-10T11:45:55.660Z [Modules] Streaming discord_game_utils@1 to /home/emr/.config/discord/0.0.44/modules/pending/discord_game_utils-1.zip
2024-03-10T11:45:55.660Z [Modules] Installing discord_krisp@1 from /home/emr/.config/discord/0.0.44/modules/pending/discord_krisp-1.zip
2024-03-10T11:45:55.728Z [Modules] Host is up to date.
2024-03-10T11:45:55.728Z [Modules] Checking for module updates at https://discord.com/api/modules/stable/versions.json
2024-03-10T11:45:55.731Z [Modules] No module updates available.
2024-03-10T11:45:55.995Z [Modules] Streaming discord_game_utils@1 to /home/emr/.config/discord/0.0.44/modules/pending/discord_game_utils-1.zip: 2%
2024-03-10T11:45:55.996Z [Modules] Streaming discord_game_utils@1 to /home/emr/.config/discord/0.0.44/modules/pending/discord_game_utils-1.zip: 5%
2024-03-10T11:45:55.996Z [Modules] Streaming discord_game_utils@1 to /home/emr/.config/discord/0.0.44/modules/pending/discord_game_utils-1.zip: 7%
2024-03-10T11:45:55.998Z [Modules] Streaming discord_game_utils@1 to /home/emr/.config/discord/0.0.44/modules/pending/discord_game_utils-1.zip: 8%
2024-03-10T11:45:56.001Z [Modules] Streaming discord_game_utils@1 to /home/emr/.config/discord/0.0.44/modules/pending/discord_game_utils-1.zip: 10%
2024-03-10T11:45:56.002Z [Modules] Streaming discord_game_utils@1 to /home/emr/.config/discord/0.0.44/modules/pending/discord_game_utils-1.zip: 13%
2024-03-10T11:45:56.003Z [Modules] Streaming discord_game_utils@1 to /home/emr/.config/discord/0.0.44/modules/pending/discord_game_utils-1.zip: 14%
2024-03-10T11:45:56.006Z [Modules] Streaming discord_game_utils@1 to /home/emr/.config/discord/0.0.44/modules/pending/discord_game_utils-1.zip: 16%
2024-03-10T11:45:56.007Z [Modules] Streaming discord_game_utils@1 to /home/emr/.config/discord/0.0.44/modules/pending/discord_game_utils-1.zip: 19%
2024-03-10T11:45:56.008Z [Modules] Streaming discord_game_utils@1 to /home/emr/.config/discord/0.0.44/modules/pending/discord_game_utils-1.zip: 21%
2024-03-10T11:45:56.009Z [Modules] Streaming discord_game_utils@1 to /home/emr/.config/discord/0.0.44/modules/pending/discord_game_utils-1.zip: 24%
2024-03-10T11:45:56.010Z [Modules] Streaming discord_game_utils@1 to /home/emr/.config/discord/0.0.44/modules/pending/discord_game_utils-1.zip: 27%
2024-03-10T11:45:56.010Z [Modules] Streaming discord_game_utils@1 to /home/emr/.config/discord/0.0.44/modules/pending/discord_game_utils-1.zip: 29%
2024-03-10T11:45:56.011Z [Modules] Streaming discord_game_utils@1 to /home/emr/.config/discord/0.0.44/modules/pending/discord_game_utils-1.zip: 32%
2024-03-10T11:45:56.015Z [Modules] Streaming discord_game_utils@1 to /home/emr/.config/discord/0.0.44/modules/pending/discord_game_utils-1.zip: 35%
2024-03-10T11:45:56.016Z [Modules] Streaming discord_game_utils@1 to /home/emr/.config/discord/0.0.44/modules/pending/discord_game_utils-1.zip: 38%
2024-03-10T11:45:56.017Z [Modules] Streaming discord_game_utils@1 to /home/emr/.config/discord/0.0.44/modules/pending/discord_game_utils-1.zip: 40%
2024-03-10T11:45:56.017Z [Modules] Streaming discord_game_utils@1 to /home/emr/.config/discord/0.0.44/modules/pending/discord_game_utils-1.zip: 43%
2024-03-10T11:45:56.018Z [Modules] Streaming discord_game_utils@1 to /home/emr/.config/discord/0.0.44/modules/pending/discord_game_utils-1.zip: 45%
2024-03-10T11:45:56.019Z [Modules] Streaming discord_game_utils@1 to /home/emr/.config/discord/0.0.44/modules/pending/discord_game_utils-1.zip: 48%
2024-03-10T11:45:56.020Z [Modules] Streaming discord_game_utils@1 to /home/emr/.config/discord/0.0.44/modules/pending/discord_game_utils-1.zip: 51%
2024-03-10T11:45:56.021Z [Modules] Streaming discord_game_utils@1 to /home/emr/.config/discord/0.0.44/modules/pending/discord_game_utils-1.zip: 54%
2024-03-10T11:45:56.022Z [Modules] Streaming discord_game_utils@1 to /home/emr/.config/discord/0.0.44/modules/pending/discord_game_utils-1.zip: 56%
2024-03-10T11:45:56.023Z [Modules] Streaming discord_game_utils@1 to /home/emr/.config/discord/0.0.44/modules/pending/discord_game_utils-1.zip: 59%
2024-03-10T11:45:56.024Z [Modules] Streaming discord_game_utils@1 to /home/emr/.config/discord/0.0.44/modules/pending/discord_game_utils-1.zip: 62%
2024-03-10T11:45:56.025Z [Modules] Streaming discord_game_utils@1 to /home/emr/.config/discord/0.0.44/modules/pending/discord_game_utils-1.zip: 64%
2024-03-10T11:45:56.027Z [Modules] Streaming discord_game_utils@1 to /home/emr/.config/discord/0.0.44/modules/pending/discord_game_utils-1.zip: 65%
2024-03-10T11:45:56.028Z [Modules] Finished module installations. [success: 1] [failure: 0]
2024-03-10T11:45:56.030Z [Modules] Streaming discord_game_utils@1 to /home/emr/.config/discord/0.0.44/modules/pending/discord_game_utils-1.zip: 67%
2024-03-10T11:45:56.031Z [Modules] Streaming discord_game_utils@1 to /home/emr/.config/discord/0.0.44/modules/pending/discord_game_utils-1.zip: 70%
2024-03-10T11:45:56.032Z [Modules] Streaming discord_game_utils@1 to /home/emr/.config/discord/0.0.44/modules/pending/discord_game_utils-1.zip: 71%
2024-03-10T11:45:56.057Z [Modules] Streaming discord_game_utils@1 to /home/emr/.config/discord/0.0.44/modules/pending/discord_game_utils-1.zip: 73%
2024-03-10T11:45:56.057Z [Modules] Streaming discord_game_utils@1 to /home/emr/.config/discord/0.0.44/modules/pending/discord_game_utils-1.zip: 76%
2024-03-10T11:45:56.059Z [Modules] Streaming discord_game_utils@1 to /home/emr/.config/discord/0.0.44/modules/pending/discord_game_utils-1.zip: 78%
2024-03-10T11:45:56.059Z [Modules] Streaming discord_game_utils@1 to /home/emr/.config/discord/0.0.44/modules/pending/discord_game_utils-1.zip: 81%
2024-03-10T11:45:56.064Z [Modules] Streaming discord_game_utils@1 to /home/emr/.config/discord/0.0.44/modules/pending/discord_game_utils-1.zip: 82%
2024-03-10T11:45:56.065Z [Modules] Streaming discord_game_utils@1 to /home/emr/.config/discord/0.0.44/modules/pending/discord_game_utils-1.zip: 83%
2024-03-10T11:45:56.066Z [Modules] Streaming discord_game_utils@1 to /home/emr/.config/discord/0.0.44/modules/pending/discord_game_utils-1.zip: 86%
2024-03-10T11:45:56.066Z [Modules] Streaming discord_game_utils@1 to /home/emr/.config/discord/0.0.44/modules/pending/discord_game_utils-1.zip: 88%
2024-03-10T11:45:56.067Z [Modules] Streaming discord_game_utils@1 to /home/emr/.config/discord/0.0.44/modules/pending/discord_game_utils-1.zip: 91%
2024-03-10T11:45:56.073Z [Modules] Streaming discord_game_utils@1 to /home/emr/.config/discord/0.0.44/modules/pending/discord_game_utils-1.zip: 94%
2024-03-10T11:45:56.074Z [Modules] Streaming discord_game_utils@1 to /home/emr/.config/discord/0.0.44/modules/pending/discord_game_utils-1.zip: 97%
2024-03-10T11:45:56.075Z [Modules] Streaming discord_game_utils@1 to /home/emr/.config/discord/0.0.44/modules/pending/discord_game_utils-1.zip: 99%
2024-03-10T11:45:56.075Z [Modules] Streaming discord_game_utils@1 to /home/emr/.config/discord/0.0.44/modules/pending/discord_game_utils-1.zip: 100%
2024-03-10T11:45:56.076Z [Modules] Fetching discord_rpc@1 from https://discord.com/api/modules/stable/discord_rpc/1
2024-03-10T11:45:56.076Z [Modules] Streaming discord_rpc@1 to /home/emr/.config/discord/0.0.44/modules/pending/discord_rpc-1.zip
2024-03-10T11:45:56.076Z [Modules] Installing discord_game_utils@1 from /home/emr/.config/discord/0.0.44/modules/pending/discord_game_utils-1.zip
2024-03-10T11:45:56.134Z [Modules] Finished module installations. [success: 1] [failure: 0]
2024-03-10T11:45:56.342Z [Modules] Streaming discord_rpc@1 to /home/emr/.config/discord/0.0.44/modules/pending/discord_rpc-1.zip: 100%
2024-03-10T11:45:56.343Z [Modules] Finished module downloads. [success: 3] [failure: 0]
2024-03-10T11:45:56.343Z [Modules] Installing discord_rpc@1 from /home/emr/.config/discord/0.0.44/modules/pending/discord_rpc-1.zip
2024-03-10T11:45:56.355Z [Modules] Finished module installations. [success: 1] [failure: 0]
2024-03-10T14:36:11.350Z [Modules] Modules initializing
2024-03-10T14:36:11.350Z [Modules] Distribution: remote
2024-03-10T14:36:11.350Z [Modules] Host updates: enabled
2024-03-10T14:36:11.350Z [Modules] Module updates: enabled
2024-03-10T14:36:11.350Z [Modules] Module install path: /home/emr/.config/discord/0.0.44/modules
2024-03-10T14:36:11.351Z [Modules] Module installed file path: /home/emr/.config/discord/0.0.44/modules/installed.json
2024-03-10T14:36:11.351Z [Modules] Module download path: /home/emr/.config/discord/0.0.44/modules/pending
2024-03-10T14:36:11.676Z [Modules] No updates to install
2024-03-10T14:36:11.677Z [Modules] Checking for host updates.
2024-03-10T14:36:11.975Z [Modules] Host is up to date.
2024-03-10T14:36:11.976Z [Modules] Checking for module updates at https://discord.com/api/modules/stable/versions.json
2024-03-10T14:36:12.006Z [Modules] No module updates available.
2024-03-10T14:36:13.998Z [Modules] Checking for host updates.
2024-03-10T14:36:14.266Z [Modules] Host is up to date.
2024-03-10T14:36:14.267Z [Modules] Checking for module updates at https://discord.com/api/modules/stable/versions.json
2024-03-10T14:36:14.269Z [Modules] No module updates available.
2024-03-10T22:54:43.829Z [Modules] Modules initializing
2024-03-10T22:54:43.830Z [Modules] Distribution: remote
2024-03-10T22:54:43.830Z [Modules] Host updates: enabled
2024-03-10T22:54:43.830Z [Modules] Module updates: enabled
2024-03-10T22:54:43.830Z [Modules] Module install path: /home/emr/.config/discord/0.0.44/modules
2024-03-10T22:54:43.830Z [Modules] Module installed file path: /home/emr/.config/discord/0.0.44/modules/installed.json
2024-03-10T22:54:43.830Z [Modules] Module download path: /home/emr/.config/discord/0.0.44/modules/pending
2024-03-10T22:54:44.172Z [Modules] No updates to install
2024-03-10T22:54:44.173Z [Modules] Checking for host updates.
2024-03-10T22:54:44.458Z [Modules] Host is up to date.
2024-03-10T22:54:44.458Z [Modules] Checking for module updates at https://discord.com/api/modules/stable/versions.json
2024-03-10T22:54:44.484Z [Modules] No module updates available.
2024-03-10T22:54:46.216Z [Modules] Checking for host updates.
2024-03-10T22:54:46.496Z [Modules] Host is up to date.
2024-03-10T22:54:46.496Z [Modules] Checking for module updates at https://discord.com/api/modules/stable/versions.json
2024-03-10T22:54:46.499Z [Modules] No module updates available.
2024-03-10T23:54:46.694Z [Modules] Checking for host updates.
2024-03-10T23:54:46.960Z [Modules] Host is up to date.
2024-03-10T23:54:46.960Z [Modules] Checking for module updates at https://discord.com/api/modules/stable/versions.json
2024-03-10T23:54:46.984Z [Modules] No module updates available.
2024-03-11T00:54:46.694Z [Modules] Checking for host updates.
2024-03-11T00:54:46.980Z [Modules] Host is up to date.
2024-03-11T00:54:46.980Z [Modules] Checking for module updates at https://discord.com/api/modules/stable/versions.json
2024-03-11T00:54:47.005Z [Modules] No module updates available.
2024-03-11T01:54:46.693Z [Modules] Checking for host updates.
2024-03-11T01:54:46.982Z [Modules] Host is up to date.
2024-03-11T01:54:46.982Z [Modules] Checking for module updates at https://discord.com/api/modules/stable/versions.json
2024-03-11T01:54:47.013Z [Modules] No module updates available.
2024-03-11T02:54:46.693Z [Modules] Checking for host updates.
2024-03-11T02:54:46.956Z [Modules] Host is up to date.
2024-03-11T02:54:46.956Z [Modules] Checking for module updates at https://discord.com/api/modules/stable/versions.json
2024-03-11T02:54:46.977Z [Modules] No module updates available.
2024-03-11T03:54:46.694Z [Modules] Checking for host updates.
2024-03-11T03:54:46.983Z [Modules] Host is up to date.
2024-03-11T03:54:46.983Z [Modules] Checking for module updates at https://discord.com/api/modules/stable/versions.json
2024-03-11T03:54:47.008Z [Modules] No module updates available.
2024-03-11T04:54:46.693Z [Modules] Checking for host updates.
2024-03-11T04:54:46.954Z [Modules] Host is up to date.
2024-03-11T04:54:46.954Z [Modules] Checking for module updates at https://discord.com/api/modules/stable/versions.json
2024-03-11T04:54:46.975Z [Modules] No module updates available.
2024-03-11T05:54:46.693Z [Modules] Checking for host updates.
2024-03-11T05:54:46.975Z [Modules] Host is up to date.
2024-03-11T05:54:46.975Z [Modules] Checking for module updates at https://discord.com/api/modules/stable/versions.json
2024-03-11T05:54:47.001Z [Modules] No module updates available.
2024-03-11T06:54:46.695Z [Modules] Checking for host updates.
2024-03-11T06:54:46.975Z [Modules] Host is up to date.
2024-03-11T06:54:46.975Z [Modules] Checking for module updates at https://discord.com/api/modules/stable/versions.json
2024-03-11T06:54:46.999Z [Modules] No module updates available.
2024-03-11T07:54:46.693Z [Modules] Checking for host updates.
2024-03-11T07:54:47.009Z [Modules] Host is up to date.
2024-03-11T07:54:47.010Z [Modules] Checking for module updates at https://discord.com/api/modules/stable/versions.json
2024-03-11T07:54:47.035Z [Modules] No module updates available.
2024-03-11T08:54:46.693Z [Modules] Checking for host updates.
2024-03-11T08:54:46.957Z [Modules] Host is up to date.
2024-03-11T08:54:46.957Z [Modules] Checking for module updates at https://discord.com/api/modules/stable/versions.json
2024-03-11T08:54:46.976Z [Modules] No module updates available.
2024-03-11T09:54:46.694Z [Modules] Checking for host updates.
2024-03-11T09:54:46.969Z [Modules] Host is up to date.
2024-03-11T09:54:46.970Z [Modules] Checking for module updates at https://discord.com/api/modules/stable/versions.json
2024-03-11T09:54:47.003Z [Modules] No module updates available.
2024-03-11T10:54:46.694Z [Modules] Checking for host updates.
2024-03-11T10:54:46.965Z [Modules] Host is up to date.
2024-03-11T10:54:46.965Z [Modules] Checking for module updates at https://discord.com/api/modules/stable/versions.json
2024-03-11T10:54:46.997Z [Modules] No module updates available.
2024-03-11T11:54:46.694Z [Modules] Checking for host updates.
2024-03-11T11:54:46.995Z [Modules] Host is up to date.
2024-03-11T11:54:46.995Z [Modules] Checking for module updates at https://discord.com/api/modules/stable/versions.json
2024-03-11T11:54:47.016Z [Modules] No module updates available.
2024-03-11T12:54:46.694Z [Modules] Checking for host updates.
2024-03-11T12:54:46.978Z [Modules] Host is up to date.
2024-03-11T12:54:46.978Z [Modules] Checking for module updates at https://discord.com/api/modules/stable/versions.json
2024-03-11T12:54:47.000Z [Modules] No module updates available.
2024-03-11T13:54:46.694Z [Modules] Checking for host updates.
2024-03-11T13:54:47.035Z [Modules] Host is up to date.
2024-03-11T13:54:47.035Z [Modules] Checking for module updates at https://discord.com/api/modules/stable/versions.json
2024-03-11T13:54:47.065Z [Modules] No module updates available.
2024-03-11T14:54:46.694Z [Modules] Checking for host updates.
2024-03-11T14:54:46.971Z [Modules] Host is up to date.
2024-03-11T14:54:46.971Z [Modules] Checking for module updates at https://discord.com/api/modules/stable/versions.json
2024-03-11T14:54:47.011Z [Modules] No module updates available.
