2024-03-11 22:58:18.712 [info] Extension host with pid 194273 started
2024-03-11 22:58:18.765 [info] ExtensionService#_doActivateExtension mongodb.mongodb-vscode, startup: false, activationEvent: 'onLanguage:plaintext'
2024-03-11 22:58:19.356 [info] ExtensionService#_doActivateExtension vscode.emmet, startup: false, activationEvent: 'onLanguage'
2024-03-11 22:58:19.744 [info] ExtensionService#_doActivateExtension vscode.git-base, startup: true, activationEvent: '*', root cause: vscode.git
2024-03-11 22:58:19.755 [info] ExtensionService#_doActivateExtension vscode.git, startup: true, activationEvent: '*'
2024-03-11 22:58:19.775 [info] ExtensionService#_doActivateExtension vscode.github, startup: true, activationEvent: '*'
2024-03-11 22:58:19.805 [info] Eager extensions activated
2024-03-11 22:58:19.821 [info] ExtensionService#_doActivateExtension vscode.debug-auto-launch, startup: false, activationEvent: 'onStartupFinished'
2024-03-11 22:58:19.822 [info] ExtensionService#_doActivateExtension vscode.merge-conflict, startup: false, activationEvent: 'onStartupFinished'
2024-03-11 22:58:19.826 [info] ExtensionService#_doActivateExtension formulahendry.code-runner, startup: false, activationEvent: 'onStartupFinished'
2024-03-11 22:58:19.848 [info] ExtensionService#_doActivateExtension TabNine.tabnine-vscode, startup: false, activationEvent: 'onStartupFinished'
2024-03-11 22:58:19.861 [info] ExtensionService#_doActivateExtension vscodevim.vim, startup: false, activationEvent: 'onStartupFinished'
2024-03-11 22:58:19.981 [info] ExtensionService#_doActivateExtension vscode.json-language-features, startup: false, activationEvent: 'onLanguage:jsonc'
2024-03-11 22:58:19.995 [info] ExtensionService#_doActivateExtension vscode.typescript-language-features, startup: false, activationEvent: 'onLanguage:jsonc'
2024-03-11 22:58:20.049 [info] Extension host terminating: renderer closed the MessagePort
2024-03-11 22:58:20.056 [warning] ExtHostTextEditorOptions 'setCursorStyle' failed:'
2024-03-11 22:58:20.057 [warning] Canceled
2024-03-11 22:58:20.057 [warning] Canceled
2024-03-11 22:58:20.058 [error] Canceled: Canceled
	at Object.C [as $6] (/opt/visual-studio-code/resources/app/out/vs/workbench/api/node/extensionHostProcess.js:10:1032)
	at /opt/visual-studio-code/resources/app/out/vs/workbench/api/node/extensionHostProcess.js:147:2349
	at Array.forEach (<anonymous>)
	at s.dispose (/opt/visual-studio-code/resources/app/out/vs/workbench/api/node/extensionHostProcess.js:147:2287)
	at w.terminate (/opt/visual-studio-code/resources/app/out/vs/workbench/api/node/extensionHostProcess.js:156:8052)
	at o.terminate (/opt/visual-studio-code/resources/app/out/vs/workbench/api/node/extensionHostProcess.js:160:1513)
	at t (/opt/visual-studio-code/resources/app/out/vs/workbench/api/node/extensionHostProcess.js:173:9949)
	at MessagePortMain.<anonymous> (/opt/visual-studio-code/resources/app/out/vs/workbench/api/node/extensionHostProcess.js:173:6374)
	at MessagePortMain.emit (node:events:514:28)
	at Object.emit (node:electron/js2c/utility_init:2:2285) setContext undefined
2024-03-11 22:58:20.058 [error] Canceled: Canceled
	at Object.C [as $6] (/opt/visual-studio-code/resources/app/out/vs/workbench/api/node/extensionHostProcess.js:10:1032)
	at /opt/visual-studio-code/resources/app/out/vs/workbench/api/node/extensionHostProcess.js:147:2349
	at Array.forEach (<anonymous>)
	at s.dispose (/opt/visual-studio-code/resources/app/out/vs/workbench/api/node/extensionHostProcess.js:147:2287)
	at w.terminate (/opt/visual-studio-code/resources/app/out/vs/workbench/api/node/extensionHostProcess.js:156:8052)
	at o.terminate (/opt/visual-studio-code/resources/app/out/vs/workbench/api/node/extensionHostProcess.js:160:1513)
	at t (/opt/visual-studio-code/resources/app/out/vs/workbench/api/node/extensionHostProcess.js:173:9949)
	at MessagePortMain.<anonymous> (/opt/visual-studio-code/resources/app/out/vs/workbench/api/node/extensionHostProcess.js:173:6374)
	at MessagePortMain.emit (node:events:514:28)
	at Object.emit (node:electron/js2c/utility_init:2:2285) setContext undefined
2024-03-11 22:58:20.959 [error] Error: ENOENT: no such file or directory, open '/home/emr/.config/Code/User/globalStorage/vscodevim.vim/.registers'
2024-03-11 22:58:21.060 [error] Error: Channel has been closed
	at l (/opt/visual-studio-code/resources/app/out/vs/workbench/api/node/extensionHostProcess.js:153:2490)
	at Object.appendLine (/opt/visual-studio-code/resources/app/out/vs/workbench/api/node/extensionHostProcess.js:153:2608)
	at Object.log (/home/emr/.vscode/extensions/tabnine.tabnine-vscode-3.76.0/out/extension.js:17:158346)
	at Object.error (/home/emr/.vscode/extensions/tabnine.tabnine-vscode-3.76.0/out/extension.js:17:158690)
	at t.default.request (/home/emr/.vscode/extensions/tabnine.tabnine-vscode-3.76.0/out/extension.js:17:34153)
	at async Promise.all (index 8)
	at async w.Y (/opt/visual-studio-code/resources/app/out/vs/workbench/api/node/extensionHostProcess.js:156:7831)
2024-03-11 22:58:21.060 [info] Extension host with pid 194273 exiting with code 0
