2024-03-10 07:43:39 Loading main app package /tmp/.mount_obsidiKnlQs2/resources/obsidian.asar
2024-03-10 07:43:40 Checking for update using Github
2024-03-10 07:43:40 Success.
2024-03-10 07:43:40 Latest version is 1.5.8
2024-03-10 07:43:40 App is up to date.
2024-03-10 07:45:45 Loading main app package /tmp/.mount_obsidi3i4F59/resources/obsidian.asar
2024-03-10 07:45:45 Checking for update using Github
2024-03-10 07:45:45 Success.
2024-03-10 07:45:45 Latest version is 1.5.8
2024-03-10 07:45:45 App is up to date.
2024-03-10 07:46:05 Loading main app package /tmp/.mount_obsidivBhEVA/resources/obsidian.asar
2024-03-10 07:46:05 Checking for update using Github
2024-03-10 07:46:05 Success.
2024-03-10 07:46:05 Latest version is 1.5.8
2024-03-10 07:46:05 App is up to date.
2024-03-10 07:46:37 Loading main app package /tmp/.mount_obsidiaxOyl5/resources/obsidian.asar
2024-03-10 07:46:38 Checking for update using Github
2024-03-10 07:46:38 Success.
2024-03-10 07:46:38 Latest version is 1.5.8
2024-03-10 07:46:38 App is up to date.
2024-03-10 08:20:05 Loading main app package /tmp/.mount_obsidigHkss8/resources/obsidian.asar
2024-03-10 08:20:05 Checking for update using Github
2024-03-10 08:20:05 Success.
2024-03-10 08:20:05 Latest version is 1.5.8
2024-03-10 08:20:05 App is up to date.
