2024-03-10 08:56:26.455 [info] 2024-03-10T00:56:26.432Z extension INFO  Activating extension... [
  {
    id: 'mongodb.mongodb-vscode',
    version: '1.5.0',
    mode: 'Production',
    kind: 'UI',
    extensionPath: '/home/emr/.vscode/extensions/mongodb.mongodb-vscode-1.5.0',
    logPath: '/home/emr/.config/Code/logs/20240310T085625/window1/exthost/mongodb.mongodb-vscode',
    workspaceStoragePath: undefined,
    globalStoragePath: '/home/emr/.config/Code/User/globalStorage/mongodb.mongodb-vscode',
    defaultConnectionSavingLocation: 'Global',
    buildInfo: {
      nodeVersion: 'v18.17.1',
      runtimePlatform: 'linux',
      runtimeArch: 'x64'
    }
  }
]

2024-03-10 08:56:26.455 [info] 2024-03-10T00:56:26.433Z telemetry INFO  SegmentKey was found [ { type: 'string' } ]

2024-03-10 08:56:26.455 [info] 2024-03-10T00:56:26.433Z language server controller INFO  Creating MongoDB Language Server... [
  {
    extensionPath: '/home/emr/.vscode/extensions/mongodb.mongodb-vscode-1.5.0',
    languageServer: {
      id: 'mongodbLanguageServer',
      name: 'MongoDB Language Server',
      path: '/home/emr/.vscode/extensions/mongodb.mongodb-vscode-1.5.0/dist/languageServer.js',
      documentSelector: '[{"pattern":"**/*.mongodb.js"},{"pattern":"**/*.mongodb"}]'
    }
  }
]

2024-03-10 08:56:26.455 [info] 2024-03-10T00:56:26.436Z telemetry INFO  Segment analytics activated [ { anonymousId: '2a395992-fe75-4292-a49f-ea6e6a805376' } ]

2024-03-10 08:56:26.455 [info] 2024-03-10T00:56:26.436Z language server controller INFO  Starting the language server... []

2024-03-10 08:56:26.736 [info] 2024-03-10T00:56:26.736Z language server controller INFO  MongoDBService initialized. Sending default settings... {"extensionPath":"/home/emr/.vscode/extensions/mongodb.mongodb-vscode-1.5.0","connectionId":null,"hasConnectionString":false,"hasConnectionOptions":false} []

2024-03-10 08:56:46.395 [info] 2024-03-10T00:56:46.390Z extension INFO  Deactivating extension... []

2024-03-10 08:56:46.395 [info] 2024-03-10T00:56:46.390Z connection controller INFO  Disconnect called, currently connected to [ null ]

2024-03-10 08:56:46.395 [info] 2024-03-10T00:56:46.391Z language server controller INFO  Changing MongoDBService active connection... [ { connectionId: null } ]

2024-03-10 08:56:46.395 [info] 2024-03-10T00:56:46.393Z connection controller INFO  Disconnect called, currently connected to [ null ]

2024-03-10 08:56:46.395 [info] 2024-03-10T00:56:46.393Z language server controller INFO  Changing MongoDBService active connection... [ { connectionId: null } ]

2024-03-10 08:56:46.395 [info] 2024-03-10T00:56:46.395Z language server controller INFO  Deactivating the language server... []

2024-03-10 08:56:46.395 [info] 2024-03-10T00:56:46.395Z language server controller INFO  Deactivating the language server... []

