2024-03-10 08:56:50.894 [info] Extension host with pid 34861 started
2024-03-10 08:56:50.911 [info] ExtensionService#_doActivateExtension mongodb.mongodb-vscode, startup: false, activationEvent: 'onLanguage:plaintext'
2024-03-10 08:56:51.286 [info] ExtensionService#_doActivateExtension vscode.emmet, startup: false, activationEvent: 'onLanguage'
2024-03-10 08:56:51.600 [info] ExtensionService#_doActivateExtension vscode.git-base, startup: true, activationEvent: '*', root cause: vscode.git
2024-03-10 08:56:51.602 [info] ExtensionService#_doActivateExtension vscode.git, startup: true, activationEvent: '*'
2024-03-10 08:56:51.613 [info] ExtensionService#_doActivateExtension vscode.github, startup: true, activationEvent: '*'
2024-03-10 08:56:51.635 [info] Eager extensions activated
2024-03-10 08:56:51.645 [info] ExtensionService#_doActivateExtension vscode.debug-auto-launch, startup: false, activationEvent: 'onStartupFinished'
2024-03-10 08:56:51.646 [info] ExtensionService#_doActivateExtension vscode.merge-conflict, startup: false, activationEvent: 'onStartupFinished'
2024-03-10 08:56:51.650 [info] ExtensionService#_doActivateExtension formulahendry.code-runner, startup: false, activationEvent: 'onStartupFinished'
2024-03-10 08:56:51.659 [info] ExtensionService#_doActivateExtension TabNine.tabnine-vscode, startup: false, activationEvent: 'onStartupFinished'
2024-03-10 08:56:51.671 [info] ExtensionService#_doActivateExtension vscodevim.vim, startup: false, activationEvent: 'onStartupFinished'
2024-03-10 08:56:51.794 [info] ExtensionService#_doActivateExtension vscode.json-language-features, startup: false, activationEvent: 'onLanguage:jsonc'
2024-03-10 08:56:51.802 [info] ExtensionService#_doActivateExtension vscode.typescript-language-features, startup: false, activationEvent: 'onLanguage:jsonc'
2024-03-10 08:56:52.512 [info] Extension host terminating: renderer closed the MessagePort
2024-03-10 08:56:52.520 [error] Error: ENOENT: no such file or directory, open '/home/emr/.config/Code/User/globalStorage/vscodevim.vim/.registers'
2024-03-10 08:56:52.657 [error] Canceled: Canceled
	at new $ (/opt/visual-studio-code/resources/app/out/vs/workbench/api/node/extensionHostProcess.js:140:45885)
	at s.U (/opt/visual-studio-code/resources/app/out/vs/workbench/api/node/extensionHostProcess.js:147:5556)
	at z.<computed>.T.charCodeAt.z.<computed> (/opt/visual-studio-code/resources/app/out/vs/workbench/api/node/extensionHostProcess.js:147:3007)
	at l.g (/opt/visual-studio-code/resources/app/out/vs/workbench/api/node/extensionHostProcess.js:150:184300)
	at l.executeCommand (/opt/visual-studio-code/resources/app/out/vs/workbench/api/node/extensionHostProcess.js:150:183738)
	at f.registerCommand.description (/opt/visual-studio-code/resources/app/out/vs/workbench/api/node/extensionHostProcess.js:150:183062)
	at l.h (/opt/visual-studio-code/resources/app/out/vs/workbench/api/node/extensionHostProcess.js:150:184839)
	at l.g (/opt/visual-studio-code/resources/app/out/vs/workbench/api/node/extensionHostProcess.js:150:183831)
	at l.executeCommand (/opt/visual-studio-code/resources/app/out/vs/workbench/api/node/extensionHostProcess.js:150:183738)
	at Object.executeCommand (/opt/visual-studio-code/resources/app/out/vs/workbench/api/node/extensionHostProcess.js:160:21654)
	at d (/home/emr/.vscode/extensions/tabnine.tabnine-vscode-3.76.0/out/extension.js:17:58839)
	at process.processTicksAndRejections (node:internal/process/task_queues:95:5) setContext undefined
2024-03-10 08:56:52.753 [error] Error: ENOENT: no such file or directory, open '/home/emr/.config/Code/User/globalStorage/vscodevim.vim/.registers'
2024-03-10 08:56:53.522 [error] Error: Client is not running
	at E.sendRequest (/home/emr/.vscode/extensions/mongodb.mongodb-vscode-1.5.0/dist/extension.js:510:1447843)
	at t.default.activeConnectionChanged (/home/emr/.vscode/extensions/mongodb.mongodb-vscode-1.5.0/dist/extension.js:510:1286817)
	at t.default._activeConnectionChanged (/home/emr/.vscode/extensions/mongodb.mongodb-vscode-1.5.0/dist/extension.js:510:1204382)
	at EventEmitter.<anonymous> (/home/emr/.vscode/extensions/mongodb.mongodb-vscode-1.5.0/dist/extension.js:510:1202509)
	at EventEmitter.emit (node:events:514:28)
	at t.default.disconnect (/home/emr/.vscode/extensions/mongodb.mongodb-vscode-1.5.0/dist/extension.js:510:1163577)
	at t.default.deactivate (/home/emr/.vscode/extensions/mongodb.mongodb-vscode-1.5.0/dist/extension.js:510:1306550)
	at t.default.dispose (/home/emr/.vscode/extensions/mongodb.mongodb-vscode-1.5.0/dist/extension.js:510:1306485)
	at o (/opt/visual-studio-code/resources/app/out/vs/workbench/api/node/extensionHostProcess.js:30:754)
	at w.cb (/opt/visual-studio-code/resources/app/out/vs/workbench/api/node/extensionHostProcess.js:156:9882)
	at /opt/visual-studio-code/resources/app/out/vs/workbench/api/node/extensionHostProcess.js:156:7816
	at Array.map (<anonymous>)
	at w.Y (/opt/visual-studio-code/resources/app/out/vs/workbench/api/node/extensionHostProcess.js:156:7803)
	at w.terminate (/opt/visual-studio-code/resources/app/out/vs/workbench/api/node/extensionHostProcess.js:156:8076)
	at o.terminate (/opt/visual-studio-code/resources/app/out/vs/workbench/api/node/extensionHostProcess.js:160:1513)
	at t (/opt/visual-studio-code/resources/app/out/vs/workbench/api/node/extensionHostProcess.js:173:9949)
	at MessagePortMain.<anonymous> (/opt/visual-studio-code/resources/app/out/vs/workbench/api/node/extensionHostProcess.js:173:6374)
	at MessagePortMain.emit (node:events:514:28)
	at Object.emit (node:electron/js2c/utility_init:2:2285)
2024-03-10 08:56:53.522 [error] Error: Starting server failed
	at E.$start (/home/emr/.vscode/extensions/mongodb.mongodb-vscode-1.5.0/dist/extension.js:510:1463681)
	at process.processTicksAndRejections (node:internal/process/task_queues:95:5)
	at async E.sendRequest (/home/emr/.vscode/extensions/mongodb.mongodb-vscode-1.5.0/dist/extension.js:510:1447929)
	at async t.default.activeConnectionChanged (/home/emr/.vscode/extensions/mongodb.mongodb-vscode-1.5.0/dist/extension.js:510:1286798)
	at async t.default._activeConnectionChanged (/home/emr/.vscode/extensions/mongodb.mongodb-vscode-1.5.0/dist/extension.js:510:1204345)
2024-03-10 08:56:53.655 [error] Error: Channel has been closed
	at l (/opt/visual-studio-code/resources/app/out/vs/workbench/api/node/extensionHostProcess.js:153:2490)
	at Object.appendLine (/opt/visual-studio-code/resources/app/out/vs/workbench/api/node/extensionHostProcess.js:153:2608)
	at Object.log (/home/emr/.vscode/extensions/tabnine.tabnine-vscode-3.76.0/out/extension.js:17:158346)
	at Object.error (/home/emr/.vscode/extensions/tabnine.tabnine-vscode-3.76.0/out/extension.js:17:158690)
	at t.default.request (/home/emr/.vscode/extensions/tabnine.tabnine-vscode-3.76.0/out/extension.js:17:34153)
	at async Promise.all (index 10)
	at async w.Y (/opt/visual-studio-code/resources/app/out/vs/workbench/api/node/extensionHostProcess.js:156:7831)
2024-03-10 08:56:53.656 [info] Extension host with pid 34861 exiting with code 0
